{"F:\\Codebase\\Automation Tool\\SmartApply\\apps\\web\\src\\App.tsx": {"path":"F:\\Codebase\\Automation Tool\\SmartApply\\apps\\web\\src\\App.tsx","statementMap":{"0":{"start":{"line":32,"column":0},"end":{"line":32,"column":16}},"1":{"start":{"line":38,"column":0},"end":{"line":38,"column":16}},"2":{"start":{"line":65,"column":0},"end":{"line":65,"column":24}},"3":{"start":{"line":1,"column":0},"end":{"line":1,"column":51}},"4":{"start":{"line":2,"column":0},"end":{"line":2,"column":74}},"5":{"start":{"line":3,"column":0},"end":{"line":3,"column":73}},"6":{"start":{"line":4,"column":0},"end":{"line":4,"column":49}},"7":{"start":{"line":5,"column":0},"end":{"line":5,"column":40}},"8":{"start":{"line":6,"column":0},"end":{"line":6,"column":39}},"9":{"start":{"line":9,"column":0},"end":{"line":9,"column":34}},"10":{"start":{"line":10,"column":0},"end":{"line":10,"column":40}},"11":{"start":{"line":11,"column":0},"end":{"line":11,"column":42}},"12":{"start":{"line":12,"column":0},"end":{"line":12,"column":32}},"13":{"start":{"line":13,"column":0},"end":{"line":13,"column":44}},"14":{"start":{"line":14,"column":0},"end":{"line":14,"column":50}},"15":{"start":{"line":15,"column":0},"end":{"line":15,"column":48}},"16":{"start":{"line":16,"column":0},"end":{"line":16,"column":40}},"17":{"start":{"line":17,"column":0},"end":{"line":17,"column":46}},"18":{"start":{"line":20,"column":0},"end":{"line":20,"column":41}},"19":{"start":{"line":22,"column":20},"end":{"line":29,"column":2}},"20":{"start":{"line":33,"column":16},"end":{"line":33,"column":50}},"21":{"start":{"line":33,"column":38},"end":{"line":33,"column":49}},"22":{"start":{"line":34,"column":2},"end":{"line":34,"column":68}},"23":{"start":{"line":39,"column":16},"end":{"line":39,"column":50}},"24":{"start":{"line":39,"column":38},"end":{"line":39,"column":49}},"25":{"start":{"line":40,"column":2},"end":{"line":40,"column":72}},"26":{"start":{"line":45,"column":2},"end":{"line":60,"column":4}},"27":{"start":{"line":63,"column":0},"end":{"line":63,"column":42}},"28":{"start":{"line":66,"column":30},"end":{"line":66,"column":44}},"29":{"start":{"line":67,"column":46},"end":{"line":67,"column":60}},"30":{"start":{"line":69,"column":2},"end":{"line":80,"column":24}},"31":{"start":{"line":70,"column":4},"end":{"line":79,"column":9}},"32":{"start":{"line":72,"column":8},"end":{"line":72,"column":46}},"33":{"start":{"line":75,"column":8},"end":{"line":75,"column":17}},"34":{"start":{"line":78,"column":8},"end":{"line":78,"column":33}},"35":{"start":{"line":82,"column":2},"end":{"line":88,"column":3}},"36":{"start":{"line":83,"column":4},"end":{"line":87,"column":6}},"37":{"start":{"line":90,"column":2},"end":{"line":153,"column":4}}},"fnMap":{"0":{"name":"ProtectedRoute","decl":{"start":{"line":32,"column":16},"end":{"line":32,"column":30}},"loc":{"start":{"line":32,"column":74},"end":{"line":35,"column":1}}},"1":{"name":"(anonymous_1)","decl":{"start":{"line":33,"column":29},"end":{"line":33,"column":34}},"loc":{"start":{"line":33,"column":38},"end":{"line":33,"column":49}}},"2":{"name":"PublicRoute","decl":{"start":{"line":38,"column":16},"end":{"line":38,"column":27}},"loc":{"start":{"line":38,"column":71},"end":{"line":41,"column":1}}},"3":{"name":"(anonymous_3)","decl":{"start":{"line":39,"column":29},"end":{"line":39,"column":34}},"loc":{"start":{"line":39,"column":38},"end":{"line":39,"column":49}}},"4":{"name":"AppLayout","decl":{"start":{"line":44,"column":9},"end":{"line":44,"column":18}},"loc":{"start":{"line":44,"column":18},"end":{"line":61,"column":1}}},"5":{"name":"App","decl":{"start":{"line":65,"column":24},"end":{"line":65,"column":27}},"loc":{"start":{"line":65,"column":27},"end":{"line":154,"column":1}}},"6":{"name":"(anonymous_6)","decl":{"start":{"line":69,"column":12},"end":{"line":69,"column":15}},"loc":{"start":{"line":69,"column":17},"end":{"line":80,"column":3}}},"7":{"name":"(anonymous_7)","decl":{"start":{"line":71,"column":12},"end":{"line":71,"column":13}},"loc":{"start":{"line":71,"column":20},"end":{"line":73,"column":7}}},"8":{"name":"(anonymous_8)","decl":{"start":{"line":74,"column":13},"end":{"line":74,"column":16}},"loc":{"start":{"line":74,"column":18},"end":{"line":76,"column":7}}},"9":{"name":"(anonymous_9)","decl":{"start":{"line":77,"column":15},"end":{"line":77,"column":18}},"loc":{"start":{"line":77,"column":20},"end":{"line":79,"column":7}}}},"branchMap":{"0":{"loc":{"start":{"line":34,"column":9},"end":{"line":34,"column":67}},"type":"cond-expr","locations":[{"start":{"line":34,"column":17},"end":{"line":34,"column":32}},{"start":{"line":34,"column":35},"end":{"line":34,"column":67}}]},"1":{"loc":{"start":{"line":40,"column":9},"end":{"line":40,"column":71}},"type":"cond-expr","locations":[{"start":{"line":40,"column":17},"end":{"line":40,"column":53}},{"start":{"line":40,"column":56},"end":{"line":40,"column":71}}]},"2":{"loc":{"start":{"line":82,"column":2},"end":{"line":88,"column":3}},"type":"if","locations":[{"start":{"line":82,"column":2},"end":{"line":88,"column":3}}]}},"s":{"0":1,"1":1,"2":1,"3":1,"4":1,"5":1,"6":1,"7":1,"8":1,"9":1,"10":1,"11":1,"12":1,"13":1,"14":1,"15":1,"16":1,"17":1,"18":1,"19":1,"20":2,"21":2,"22":2,"23":2,"24":2,"25":2,"26":0,"27":1,"28":0,"29":0,"30":0,"31":0,"32":0,"33":0,"34":0,"35":0,"36":0,"37":0},"f":{"0":2,"1":2,"2":2,"3":2,"4":0,"5":0,"6":0,"7":0,"8":0,"9":0},"b":{"0":[1,1],"1":[1,1],"2":[0]}}
,"F:\\Codebase\\Automation Tool\\SmartApply\\apps\\web\\src\\components\\Navbar.tsx": {"path":"F:\\Codebase\\Automation Tool\\SmartApply\\apps\\web\\src\\components\\Navbar.tsx","statementMap":{"0":{"start":{"line":15,"column":0},"end":{"line":15,"column":24}},"1":{"start":{"line":2,"column":0},"end":{"line":2,"column":56}},"2":{"start":{"line":3,"column":0},"end":{"line":3,"column":50}},"3":{"start":{"line":4,"column":0},"end":{"line":4,"column":41}},"4":{"start":{"line":5,"column":0},"end":{"line":5,"column":null}},"5":{"start":{"line":16,"column":19},"end":{"line":16,"column":32}},"6":{"start":{"line":17,"column":27},"end":{"line":17,"column":41}},"7":{"start":{"line":19,"column":23},"end":{"line":23,"column":3}},"8":{"start":{"line":20,"column":4},"end":{"line":20,"column":51}},"9":{"start":{"line":21,"column":4},"end":{"line":21,"column":13}},"10":{"start":{"line":22,"column":4},"end":{"line":22,"column":23}},"11":{"start":{"line":25,"column":19},"end":{"line":31,"column":4}},"12":{"start":{"line":33,"column":2},"end":{"line":89,"column":4}},"13":{"start":{"line":50,"column":25},"end":{"line":50,"column":34}},"14":{"start":{"line":51,"column":12},"end":{"line":66,"column":14}},"15":{"start":{"line":56,"column":18},"end":{"line":60,"column":20}}},"fnMap":{"0":{"name":"Navbar","decl":{"start":{"line":15,"column":24},"end":{"line":15,"column":30}},"loc":{"start":{"line":15,"column":30},"end":{"line":90,"column":1}}},"1":{"name":"(anonymous_1)","decl":{"start":{"line":19,"column":23},"end":{"line":19,"column":26}},"loc":{"start":{"line":19,"column":28},"end":{"line":23,"column":3}}},"2":{"name":"(anonymous_2)","decl":{"start":{"line":20,"column":41},"end":{"line":20,"column":44}},"loc":{"start":{"line":20,"column":46},"end":{"line":20,"column":49}}},"3":{"name":"(anonymous_3)","decl":{"start":{"line":49,"column":24},"end":{"line":49,"column":25}},"loc":{"start":{"line":49,"column":33},"end":{"line":67,"column":11}}},"4":{"name":"(anonymous_4)","decl":{"start":{"line":55,"column":27},"end":{"line":55,"column":28}},"loc":{"start":{"line":56,"column":18},"end":{"line":60,"column":20}}}},"branchMap":{"0":{"loc":{"start":{"line":57,"column":20},"end":{"line":59,"column":null}},"type":"cond-expr","locations":[{"start":{"line":58,"column":24},"end":{"line":58,"column":71}},{"start":{"line":59,"column":24},"end":{"line":59,"column":null}}]}},"s":{"0":2,"1":2,"2":2,"3":2,"4":2,"5":5,"6":5,"7":5,"8":1,"9":1,"10":1,"11":5,"12":5,"13":25,"14":25,"15":25},"f":{"0":5,"1":1,"2":0,"3":25,"4":25},"b":{"0":[1,24]}}
,"F:\\Codebase\\Automation Tool\\SmartApply\\apps\\web\\src\\pages\\Applications.tsx": {"path":"F:\\Codebase\\Automation Tool\\SmartApply\\apps\\web\\src\\pages\\Applications.tsx","statementMap":{"0":{"start":{"line":51,"column":0},"end":{"line":51,"column":24}},"1":{"start":{"line":1,"column":0},"end":{"line":1,"column":40}},"2":{"start":{"line":2,"column":0},"end":{"line":2,"column":78}},"3":{"start":{"line":3,"column":0},"end":{"line":3,"column":40}},"4":{"start":{"line":5,"column":0},"end":{"line":5,"column":null}},"5":{"start":{"line":23,"column":0},"end":{"line":23,"column":47}},"6":{"start":{"line":24,"column":0},"end":{"line":24,"column":42}},"7":{"start":{"line":25,"column":0},"end":{"line":25,"column":54}},"8":{"start":{"line":26,"column":0},"end":{"line":26,"column":25}},"9":{"start":{"line":27,"column":0},"end":{"line":27,"column":36}},"10":{"start":{"line":29,"column":110},"end":{"line":36,"column":2}},"11":{"start":{"line":38,"column":21},"end":{"line":47,"column":2}},"12":{"start":{"line":52,"column":19},"end":{"line":52,"column":32}},"13":{"start":{"line":53,"column":22},"end":{"line":53,"column":38}},"14":{"start":{"line":54,"column":36},"end":{"line":54,"column":78}},"15":{"start":{"line":55,"column":30},"end":{"line":55,"column":42}},"16":{"start":{"line":58,"column":38},"end":{"line":58,"column":136}},"17":{"start":{"line":59,"column":44},"end":{"line":59,"column":76}},"18":{"start":{"line":62,"column":40},"end":{"line":62,"column":77}},"19":{"start":{"line":63,"column":42},"end":{"line":63,"column":57}},"20":{"start":{"line":64,"column":48},"end":{"line":64,"column":77}},"21":{"start":{"line":67,"column":84},"end":{"line":79,"column":4}},"22":{"start":{"line":81,"column":25},"end":{"line":81,"column":40}},"23":{"start":{"line":84,"column":56},"end":{"line":87,"column":4}},"24":{"start":{"line":86,"column":19},"end":{"line":86,"column":44}},"25":{"start":{"line":90,"column":25},"end":{"line":104,"column":4}},"26":{"start":{"line":92,"column":6},"end":{"line":95,"column":8}},"27":{"start":{"line":97,"column":6},"end":{"line":97,"column":56}},"28":{"start":{"line":98,"column":6},"end":{"line":98,"column":68}},"29":{"start":{"line":99,"column":6},"end":{"line":99,"column":71}},"30":{"start":{"line":102,"column":6},"end":{"line":102,"column":65}},"31":{"start":{"line":107,"column":25},"end":{"line":121,"column":4}},"32":{"start":{"line":109,"column":6},"end":{"line":111,"column":8}},"33":{"start":{"line":113,"column":6},"end":{"line":113,"column":56}},"34":{"start":{"line":114,"column":6},"end":{"line":114,"column":68}},"35":{"start":{"line":115,"column":6},"end":{"line":115,"column":71}},"36":{"start":{"line":116,"column":6},"end":{"line":116,"column":31}},"37":{"start":{"line":119,"column":6},"end":{"line":119,"column":65}},"38":{"start":{"line":124,"column":27},"end":{"line":140,"column":4}},"39":{"start":{"line":126,"column":6},"end":{"line":129,"column":8}},"40":{"start":{"line":131,"column":6},"end":{"line":131,"column":62}},"41":{"start":{"line":132,"column":6},"end":{"line":132,"column":68}},"42":{"start":{"line":133,"column":6},"end":{"line":133,"column":71}},"43":{"start":{"line":134,"column":6},"end":{"line":134,"column":29}},"44":{"start":{"line":135,"column":6},"end":{"line":135,"column":14}},"45":{"start":{"line":138,"column":6},"end":{"line":138,"column":69}},"46":{"start":{"line":143,"column":27},"end":{"line":159,"column":4}},"47":{"start":{"line":145,"column":6},"end":{"line":147,"column":8}},"48":{"start":{"line":149,"column":6},"end":{"line":149,"column":89}},"49":{"start":{"line":152,"column":6},"end":{"line":152,"column":38}},"50":{"start":{"line":153,"column":6},"end":{"line":153,"column":75}},"51":{"start":{"line":156,"column":6},"end":{"line":156,"column":38}},"52":{"start":{"line":157,"column":6},"end":{"line":157,"column":70}},"53":{"start":{"line":161,"column":26},"end":{"line":172,"column":3}},"54":{"start":{"line":162,"column":4},"end":{"line":171,"column":7}},"55":{"start":{"line":174,"column":21},"end":{"line":181,"column":3}},"56":{"start":{"line":175,"column":4},"end":{"line":180,"column":5}},"57":{"start":{"line":176,"column":6},"end":{"line":176,"column":65}},"58":{"start":{"line":178,"column":6},"end":{"line":178,"column":25}},"59":{"start":{"line":179,"column":6},"end":{"line":179,"column":31}},"60":{"start":{"line":184,"column":23},"end":{"line":193,"column":4}},"61":{"start":{"line":185,"column":23},"end":{"line":185,"column":70}},"62":{"start":{"line":187,"column":6},"end":{"line":190,"column":75}},"63":{"start":{"line":192,"column":4},"end":{"line":192,"column":39}},"64":{"start":{"line":196,"column":21},"end":{"line":223,"column":4}},"65":{"start":{"line":200,"column":4},"end":{"line":218,"column":5}},"66":{"start":{"line":201,"column":6},"end":{"line":201,"column":39}},"67":{"start":{"line":202,"column":6},"end":{"line":202,"column":39}},"68":{"start":{"line":203,"column":11},"end":{"line":218,"column":5}},"69":{"start":{"line":204,"column":6},"end":{"line":204,"column":41}},"70":{"start":{"line":205,"column":6},"end":{"line":205,"column":41}},"71":{"start":{"line":206,"column":11},"end":{"line":218,"column":5}},"72":{"start":{"line":207,"column":6},"end":{"line":207,"column":42}},"73":{"start":{"line":208,"column":6},"end":{"line":208,"column":42}},"74":{"start":{"line":209,"column":11},"end":{"line":218,"column":5}},"75":{"start":{"line":210,"column":6},"end":{"line":210,"column":49}},"76":{"start":{"line":211,"column":6},"end":{"line":211,"column":49}},"77":{"start":{"line":212,"column":11},"end":{"line":218,"column":5}},"78":{"start":{"line":213,"column":6},"end":{"line":213,"column":63}},"79":{"start":{"line":214,"column":6},"end":{"line":214,"column":63}},"80":{"start":{"line":215,"column":11},"end":{"line":218,"column":5}},"81":{"start":{"line":216,"column":6},"end":{"line":216,"column":35}},"82":{"start":{"line":217,"column":6},"end":{"line":217,"column":35}},"83":{"start":{"line":220,"column":4},"end":{"line":220,"column":61}},"84":{"start":{"line":220,"column":21},"end":{"line":220,"column":61}},"85":{"start":{"line":221,"column":4},"end":{"line":221,"column":61}},"86":{"start":{"line":221,"column":21},"end":{"line":221,"column":61}},"87":{"start":{"line":222,"column":4},"end":{"line":222,"column":13}},"88":{"start":{"line":225,"column":30},"end":{"line":228,"column":3}},"89":{"start":{"line":226,"column":16},"end":{"line":226,"column":57}},"90":{"start":{"line":226,"column":41},"end":{"line":226,"column":56}},"91":{"start":{"line":227,"column":4},"end":{"line":227,"column":61}},"92":{"start":{"line":230,"column":29},"end":{"line":234,"column":3}},"93":{"start":{"line":231,"column":4},"end":{"line":231,"column":87}},"94":{"start":{"line":231,"column":21},"end":{"line":231,"column":87}},"95":{"start":{"line":232,"column":4},"end":{"line":232,"column":81}},"96":{"start":{"line":232,"column":21},"end":{"line":232,"column":81}},"97":{"start":{"line":233,"column":4},"end":{"line":233,"column":61}},"98":{"start":{"line":236,"column":2},"end":{"line":242,"column":3}},"99":{"start":{"line":237,"column":4},"end":{"line":241,"column":6}},"100":{"start":{"line":244,"column":2},"end":{"line":250,"column":3}},"101":{"start":{"line":245,"column":4},"end":{"line":249,"column":6}},"102":{"start":{"line":253,"column":22},"end":{"line":256,"column":3}},"103":{"start":{"line":254,"column":4},"end":{"line":254,"column":53}},"104":{"start":{"line":254,"column":26},"end":{"line":254,"column":53}},"105":{"start":{"line":255,"column":4},"end":{"line":255,"column":68}},"106":{"start":{"line":255,"column":38},"end":{"line":255,"column":59}},"107":{"start":{"line":258,"column":2},"end":{"line":852,"column":4}},"108":{"start":{"line":269,"column":14},"end":{"line":269,"column":22}},"109":{"start":{"line":270,"column":14},"end":{"line":270,"column":36}},"110":{"start":{"line":278,"column":27},"end":{"line":278,"column":44}},"111":{"start":{"line":291,"column":27},"end":{"line":291,"column":46}},"112":{"start":{"line":304,"column":12},"end":{"line":305,"column":null}},"113":{"start":{"line":306,"column":29},"end":{"line":306,"column":49}},"114":{"start":{"line":329,"column":29},"end":{"line":329,"column":54}},"115":{"start":{"line":340,"column":35},"end":{"line":340,"column":54}},"116":{"start":{"line":345,"column":35},"end":{"line":345,"column":56}},"117":{"start":{"line":350,"column":35},"end":{"line":350,"column":57}},"118":{"start":{"line":355,"column":35},"end":{"line":355,"column":58}},"119":{"start":{"line":360,"column":35},"end":{"line":360,"column":58}},"120":{"start":{"line":380,"column":18},"end":{"line":381,"column":null}},"121":{"start":{"line":388,"column":41},"end":{"line":388,"column":60}},"122":{"start":{"line":432,"column":42},"end":{"line":432,"column":56}},"123":{"start":{"line":433,"column":26},"end":{"line":436,"column":29}},"124":{"start":{"line":447,"column":45},"end":{"line":447,"column":80}},"125":{"start":{"line":448,"column":26},"end":{"line":453,"column":29}},"126":{"start":{"line":457,"column":26},"end":{"line":457,"column":47}},"127":{"start":{"line":472,"column":26},"end":{"line":474,"column":27}},"128":{"start":{"line":473,"column":28},"end":{"line":473,"column":89}},"129":{"start":{"line":477,"column":26},"end":{"line":479,"column":27}},"130":{"start":{"line":478,"column":28},"end":{"line":478,"column":51}},"131":{"start":{"line":491,"column":43},"end":{"line":491,"column":74}},"132":{"start":{"line":520,"column":45},"end":{"line":520,"column":74}},"133":{"start":{"line":526,"column":45},"end":{"line":526,"column":69}},"134":{"start":{"line":534,"column":43},"end":{"line":534,"column":69}},"135":{"start":{"line":555,"column":85},"end":{"line":555,"column":107}},"136":{"start":{"line":565,"column":31},"end":{"line":565,"column":53}},"137":{"start":{"line":589,"column":34},"end":{"line":589,"column":48}},"138":{"start":{"line":590,"column":22},"end":{"line":596,"column":23}},"139":{"start":{"line":591,"column":24},"end":{"line":591,"column":81}},"140":{"start":{"line":592,"column":24},"end":{"line":592,"column":88}},"141":{"start":{"line":593,"column":29},"end":{"line":596,"column":23}},"142":{"start":{"line":594,"column":24},"end":{"line":594,"column":78}},"143":{"start":{"line":595,"column":24},"end":{"line":595,"column":86}},"144":{"start":{"line":653,"column":22},"end":{"line":653,"column":43}},"145":{"start":{"line":695,"column":33},"end":{"line":695,"column":55}},"146":{"start":{"line":717,"column":85},"end":{"line":717,"column":105}},"147":{"start":{"line":736,"column":31},"end":{"line":736,"column":51}},"148":{"start":{"line":764,"column":28},"end":{"line":764,"column":44}},"149":{"start":{"line":778,"column":28},"end":{"line":778,"column":44}},"150":{"start":{"line":806,"column":20},"end":{"line":808,"column":21}},"151":{"start":{"line":807,"column":22},"end":{"line":807,"column":91}},"152":{"start":{"line":841,"column":33},"end":{"line":841,"column":53}}},"fnMap":{"0":{"name":"Applications","decl":{"start":{"line":51,"column":24},"end":{"line":51,"column":36}},"loc":{"start":{"line":51,"column":36},"end":{"line":853,"column":1}}},"1":{"name":"(anonymous_1)","decl":{"start":{"line":86,"column":13},"end":{"line":86,"column":16}},"loc":{"start":{"line":86,"column":19},"end":{"line":86,"column":44}}},"2":{"name":"(anonymous_2)","decl":{"start":{"line":91,"column":16},"end":{"line":91,"column":17}},"loc":{"start":{"line":92,"column":6},"end":{"line":95,"column":8}}},"3":{"name":"(anonymous_3)","decl":{"start":{"line":96,"column":15},"end":{"line":96,"column":18}},"loc":{"start":{"line":96,"column":20},"end":{"line":100,"column":5}}},"4":{"name":"(anonymous_4)","decl":{"start":{"line":101,"column":13},"end":{"line":101,"column":14}},"loc":{"start":{"line":101,"column":26},"end":{"line":103,"column":5}}},"5":{"name":"(anonymous_5)","decl":{"start":{"line":108,"column":16},"end":{"line":108,"column":17}},"loc":{"start":{"line":109,"column":6},"end":{"line":111,"column":8}}},"6":{"name":"(anonymous_6)","decl":{"start":{"line":112,"column":15},"end":{"line":112,"column":18}},"loc":{"start":{"line":112,"column":20},"end":{"line":117,"column":5}}},"7":{"name":"(anonymous_7)","decl":{"start":{"line":118,"column":13},"end":{"line":118,"column":14}},"loc":{"start":{"line":118,"column":26},"end":{"line":120,"column":5}}},"8":{"name":"(anonymous_8)","decl":{"start":{"line":125,"column":16},"end":{"line":125,"column":17}},"loc":{"start":{"line":126,"column":6},"end":{"line":129,"column":8}}},"9":{"name":"(anonymous_9)","decl":{"start":{"line":130,"column":15},"end":{"line":130,"column":18}},"loc":{"start":{"line":130,"column":20},"end":{"line":136,"column":5}}},"10":{"name":"(anonymous_10)","decl":{"start":{"line":137,"column":13},"end":{"line":137,"column":14}},"loc":{"start":{"line":137,"column":26},"end":{"line":139,"column":5}}},"11":{"name":"(anonymous_11)","decl":{"start":{"line":144,"column":16},"end":{"line":144,"column":17}},"loc":{"start":{"line":145,"column":6},"end":{"line":147,"column":8}}},"12":{"name":"(anonymous_12)","decl":{"start":{"line":148,"column":14},"end":{"line":148,"column":17}},"loc":{"start":{"line":148,"column":19},"end":{"line":150,"column":5}}},"13":{"name":"(anonymous_13)","decl":{"start":{"line":151,"column":15},"end":{"line":151,"column":16}},"loc":{"start":{"line":151,"column":39},"end":{"line":154,"column":5}}},"14":{"name":"(anonymous_14)","decl":{"start":{"line":155,"column":13},"end":{"line":155,"column":14}},"loc":{"start":{"line":155,"column":42},"end":{"line":158,"column":5}}},"15":{"name":"(anonymous_15)","decl":{"start":{"line":161,"column":26},"end":{"line":161,"column":27}},"loc":{"start":{"line":161,"column":49},"end":{"line":172,"column":3}}},"16":{"name":"(anonymous_16)","decl":{"start":{"line":174,"column":21},"end":{"line":174,"column":22}},"loc":{"start":{"line":174,"column":48},"end":{"line":181,"column":3}}},"17":{"name":"(anonymous_17)","decl":{"start":{"line":184,"column":43},"end":{"line":184,"column":44}},"loc":{"start":{"line":184,"column":51},"end":{"line":193,"column":3}}},"18":{"name":"(anonymous_18)","decl":{"start":{"line":196,"column":44},"end":{"line":196,"column":45}},"loc":{"start":{"line":196,"column":53},"end":{"line":223,"column":3}}},"19":{"name":"(anonymous_19)","decl":{"start":{"line":225,"column":30},"end":{"line":225,"column":31}},"loc":{"start":{"line":225,"column":60},"end":{"line":228,"column":3}}},"20":{"name":"(anonymous_20)","decl":{"start":{"line":226,"column":36},"end":{"line":226,"column":37}},"loc":{"start":{"line":226,"column":41},"end":{"line":226,"column":56}}},"21":{"name":"(anonymous_21)","decl":{"start":{"line":230,"column":29},"end":{"line":230,"column":30}},"loc":{"start":{"line":230,"column":47},"end":{"line":234,"column":3}}},"22":{"name":"(anonymous_22)","decl":{"start":{"line":253,"column":22},"end":{"line":253,"column":23}},"loc":{"start":{"line":253,"column":60},"end":{"line":256,"column":3}}},"23":{"name":"(anonymous_23)","decl":{"start":{"line":255,"column":31},"end":{"line":255,"column":34}},"loc":{"start":{"line":255,"column":38},"end":{"line":255,"column":59}}},"24":{"name":"(anonymous_24)","decl":{"start":{"line":268,"column":21},"end":{"line":268,"column":24}},"loc":{"start":{"line":268,"column":26},"end":{"line":271,"column":13}}},"25":{"name":"(anonymous_25)","decl":{"start":{"line":278,"column":21},"end":{"line":278,"column":24}},"loc":{"start":{"line":278,"column":27},"end":{"line":278,"column":44}}},"26":{"name":"(anonymous_26)","decl":{"start":{"line":291,"column":21},"end":{"line":291,"column":24}},"loc":{"start":{"line":291,"column":27},"end":{"line":291,"column":46}}},"27":{"name":"(anonymous_27)","decl":{"start":{"line":303,"column":30},"end":{"line":303,"column":31}},"loc":{"start":{"line":304,"column":12},"end":{"line":305,"column":null}}},"28":{"name":"(anonymous_28)","decl":{"start":{"line":306,"column":23},"end":{"line":306,"column":26}},"loc":{"start":{"line":306,"column":29},"end":{"line":306,"column":49}}},"29":{"name":"(anonymous_29)","decl":{"start":{"line":329,"column":22},"end":{"line":329,"column":23}},"loc":{"start":{"line":329,"column":29},"end":{"line":329,"column":54}}},"30":{"name":"(anonymous_30)","decl":{"start":{"line":340,"column":29},"end":{"line":340,"column":32}},"loc":{"start":{"line":340,"column":35},"end":{"line":340,"column":54}}},"31":{"name":"(anonymous_31)","decl":{"start":{"line":345,"column":29},"end":{"line":345,"column":32}},"loc":{"start":{"line":345,"column":35},"end":{"line":345,"column":56}}},"32":{"name":"(anonymous_32)","decl":{"start":{"line":350,"column":29},"end":{"line":350,"column":32}},"loc":{"start":{"line":350,"column":35},"end":{"line":350,"column":57}}},"33":{"name":"(anonymous_33)","decl":{"start":{"line":355,"column":29},"end":{"line":355,"column":32}},"loc":{"start":{"line":355,"column":35},"end":{"line":355,"column":58}}},"34":{"name":"(anonymous_34)","decl":{"start":{"line":360,"column":29},"end":{"line":360,"column":32}},"loc":{"start":{"line":360,"column":35},"end":{"line":360,"column":58}}},"35":{"name":"(anonymous_35)","decl":{"start":{"line":379,"column":31},"end":{"line":379,"column":32}},"loc":{"start":{"line":380,"column":18},"end":{"line":381,"column":null}}},"36":{"name":"(anonymous_36)","decl":{"start":{"line":388,"column":35},"end":{"line":388,"column":38}},"loc":{"start":{"line":388,"column":41},"end":{"line":388,"column":60}}},"37":{"name":"(anonymous_37)","decl":{"start":{"line":431,"column":34},"end":{"line":431,"column":35}},"loc":{"start":{"line":431,"column":40},"end":{"line":437,"column":25}}},"38":{"name":"(anonymous_38)","decl":{"start":{"line":446,"column":34},"end":{"line":446,"column":35}},"loc":{"start":{"line":446,"column":40},"end":{"line":454,"column":25}}},"39":{"name":"(anonymous_39)","decl":{"start":{"line":456,"column":44},"end":{"line":456,"column":45}},"loc":{"start":{"line":457,"column":26},"end":{"line":457,"column":47}}},"40":{"name":"(anonymous_40)","decl":{"start":{"line":471,"column":32},"end":{"line":471,"column":33}},"loc":{"start":{"line":471,"column":38},"end":{"line":475,"column":25}}},"41":{"name":"(anonymous_41)","decl":{"start":{"line":476,"column":35},"end":{"line":476,"column":36}},"loc":{"start":{"line":476,"column":41},"end":{"line":480,"column":25}}},"42":{"name":"(anonymous_42)","decl":{"start":{"line":491,"column":37},"end":{"line":491,"column":40}},"loc":{"start":{"line":491,"column":43},"end":{"line":491,"column":74}}},"43":{"name":"(anonymous_43)","decl":{"start":{"line":520,"column":39},"end":{"line":520,"column":42}},"loc":{"start":{"line":520,"column":45},"end":{"line":520,"column":74}}},"44":{"name":"(anonymous_44)","decl":{"start":{"line":526,"column":39},"end":{"line":526,"column":42}},"loc":{"start":{"line":526,"column":45},"end":{"line":526,"column":69}}},"45":{"name":"(anonymous_45)","decl":{"start":{"line":534,"column":37},"end":{"line":534,"column":40}},"loc":{"start":{"line":534,"column":43},"end":{"line":534,"column":69}}},"46":{"name":"(anonymous_46)","decl":{"start":{"line":555,"column":79},"end":{"line":555,"column":82}},"loc":{"start":{"line":555,"column":85},"end":{"line":555,"column":107}}},"47":{"name":"(anonymous_47)","decl":{"start":{"line":565,"column":25},"end":{"line":565,"column":28}},"loc":{"start":{"line":565,"column":31},"end":{"line":565,"column":53}}},"48":{"name":"(anonymous_48)","decl":{"start":{"line":588,"column":30},"end":{"line":588,"column":31}},"loc":{"start":{"line":588,"column":36},"end":{"line":597,"column":21}}},"49":{"name":"(anonymous_49)","decl":{"start":{"line":652,"column":40},"end":{"line":652,"column":41}},"loc":{"start":{"line":653,"column":22},"end":{"line":653,"column":43}}},"50":{"name":"(anonymous_50)","decl":{"start":{"line":695,"column":27},"end":{"line":695,"column":30}},"loc":{"start":{"line":695,"column":33},"end":{"line":695,"column":55}}},"51":{"name":"(anonymous_51)","decl":{"start":{"line":717,"column":79},"end":{"line":717,"column":82}},"loc":{"start":{"line":717,"column":85},"end":{"line":717,"column":105}}},"52":{"name":"(anonymous_52)","decl":{"start":{"line":736,"column":25},"end":{"line":736,"column":28}},"loc":{"start":{"line":736,"column":31},"end":{"line":736,"column":51}}},"53":{"name":"(anonymous_53)","decl":{"start":{"line":763,"column":82},"end":{"line":763,"column":83}},"loc":{"start":{"line":764,"column":28},"end":{"line":764,"column":44}}},"54":{"name":"(anonymous_54)","decl":{"start":{"line":777,"column":82},"end":{"line":777,"column":83}},"loc":{"start":{"line":778,"column":28},"end":{"line":778,"column":44}}},"55":{"name":"(anonymous_55)","decl":{"start":{"line":805,"column":26},"end":{"line":805,"column":27}},"loc":{"start":{"line":805,"column":32},"end":{"line":809,"column":19}}},"56":{"name":"(anonymous_56)","decl":{"start":{"line":841,"column":27},"end":{"line":841,"column":30}},"loc":{"start":{"line":841,"column":33},"end":{"line":841,"column":53}}}},"branchMap":{"0":{"loc":{"start":{"line":84,"column":16},"end":{"line":84,"column":33}},"type":"default-arg","locations":[{"start":{"line":84,"column":31},"end":{"line":84,"column":33}}]},"1":{"loc":{"start":{"line":102,"column":18},"end":{"line":102,"column":63}},"type":"binary-expr","locations":[{"start":{"line":102,"column":18},"end":{"line":102,"column":29}},{"start":{"line":102,"column":33},"end":{"line":102,"column":63}}]},"2":{"loc":{"start":{"line":119,"column":18},"end":{"line":119,"column":63}},"type":"binary-expr","locations":[{"start":{"line":119,"column":18},"end":{"line":119,"column":29}},{"start":{"line":119,"column":33},"end":{"line":119,"column":63}}]},"3":{"loc":{"start":{"line":138,"column":18},"end":{"line":138,"column":67}},"type":"binary-expr","locations":[{"start":{"line":138,"column":18},"end":{"line":138,"column":29}},{"start":{"line":138,"column":33},"end":{"line":138,"column":67}}]},"4":{"loc":{"start":{"line":153,"column":20},"end":{"line":153,"column":73}},"type":"binary-expr","locations":[{"start":{"line":153,"column":20},"end":{"line":153,"column":31}},{"start":{"line":153,"column":35},"end":{"line":153,"column":73}}]},"5":{"loc":{"start":{"line":157,"column":18},"end":{"line":157,"column":68}},"type":"binary-expr","locations":[{"start":{"line":157,"column":18},"end":{"line":157,"column":29}},{"start":{"line":157,"column":33},"end":{"line":157,"column":68}}]},"6":{"loc":{"start":{"line":167,"column":19},"end":{"line":167,"column":48}},"type":"binary-expr","locations":[{"start":{"line":167,"column":19},"end":{"line":167,"column":35}},{"start":{"line":167,"column":39},"end":{"line":167,"column":48}}]},"7":{"loc":{"start":{"line":169,"column":13},"end":{"line":169,"column":36}},"type":"binary-expr","locations":[{"start":{"line":169,"column":13},"end":{"line":169,"column":23}},{"start":{"line":169,"column":27},"end":{"line":169,"column":36}}]},"8":{"loc":{"start":{"line":170,"column":17},"end":{"line":170,"column":113}},"type":"cond-expr","locations":[{"start":{"line":170,"column":63},"end":{"line":170,"column":101}},{"start":{"line":170,"column":104},"end":{"line":170,"column":113}}]},"9":{"loc":{"start":{"line":170,"column":17},"end":{"line":170,"column":60}},"type":"binary-expr","locations":[{"start":{"line":170,"column":17},"end":{"line":170,"column":42}},{"start":{"line":170,"column":46},"end":{"line":170,"column":60}}]},"10":{"loc":{"start":{"line":175,"column":4},"end":{"line":180,"column":5}},"type":"if","locations":[{"start":{"line":175,"column":4},"end":{"line":180,"column":5}},{"start":{"line":177,"column":11},"end":{"line":180,"column":5}}]},"11":{"loc":{"start":{"line":176,"column":23},"end":{"line":176,"column":63}},"type":"cond-expr","locations":[{"start":{"line":176,"column":49},"end":{"line":176,"column":55}},{"start":{"line":176,"column":58},"end":{"line":176,"column":63}}]},"12":{"loc":{"start":{"line":185,"column":23},"end":{"line":185,"column":70}},"type":"binary-expr","locations":[{"start":{"line":185,"column":23},"end":{"line":185,"column":42}},{"start":{"line":185,"column":46},"end":{"line":185,"column":70}}]},"13":{"loc":{"start":{"line":187,"column":6},"end":{"line":190,"column":75}},"type":"binary-expr","locations":[{"start":{"line":187,"column":6},"end":{"line":187,"column":64}},{"start":{"line":188,"column":6},"end":{"line":188,"column":66}},{"start":{"line":189,"column":6},"end":{"line":189,"column":67}},{"start":{"line":190,"column":7},"end":{"line":190,"column":16}},{"start":{"line":190,"column":20},"end":{"line":190,"column":74}}]},"14":{"loc":{"start":{"line":192,"column":11},"end":{"line":192,"column":38}},"type":"binary-expr","locations":[{"start":{"line":192,"column":11},"end":{"line":192,"column":21}},{"start":{"line":192,"column":25},"end":{"line":192,"column":38}}]},"15":{"loc":{"start":{"line":200,"column":4},"end":{"line":218,"column":5}},"type":"if","locations":[{"start":{"line":200,"column":4},"end":{"line":218,"column":5}},{"start":{"line":203,"column":11},"end":{"line":218,"column":5}}]},"16":{"loc":{"start":{"line":203,"column":11},"end":{"line":218,"column":5}},"type":"if","locations":[{"start":{"line":203,"column":11},"end":{"line":218,"column":5}},{"start":{"line":206,"column":11},"end":{"line":218,"column":5}}]},"17":{"loc":{"start":{"line":206,"column":11},"end":{"line":218,"column":5}},"type":"if","locations":[{"start":{"line":206,"column":11},"end":{"line":218,"column":5}},{"start":{"line":209,"column":11},"end":{"line":218,"column":5}}]},"18":{"loc":{"start":{"line":209,"column":11},"end":{"line":218,"column":5}},"type":"if","locations":[{"start":{"line":209,"column":11},"end":{"line":218,"column":5}},{"start":{"line":212,"column":11},"end":{"line":218,"column":5}}]},"19":{"loc":{"start":{"line":212,"column":11},"end":{"line":218,"column":5}},"type":"if","locations":[{"start":{"line":212,"column":11},"end":{"line":218,"column":5}},{"start":{"line":215,"column":11},"end":{"line":218,"column":5}}]},"20":{"loc":{"start":{"line":213,"column":13},"end":{"line":213,"column":62}},"type":"cond-expr","locations":[{"start":{"line":213,"column":27},"end":{"line":213,"column":58}},{"start":{"line":213,"column":61},"end":{"line":213,"column":62}}]},"21":{"loc":{"start":{"line":214,"column":13},"end":{"line":214,"column":62}},"type":"cond-expr","locations":[{"start":{"line":214,"column":27},"end":{"line":214,"column":58}},{"start":{"line":214,"column":61},"end":{"line":214,"column":62}}]},"22":{"loc":{"start":{"line":215,"column":11},"end":{"line":218,"column":5}},"type":"if","locations":[{"start":{"line":215,"column":11},"end":{"line":218,"column":5}}]},"23":{"loc":{"start":{"line":216,"column":13},"end":{"line":216,"column":34}},"type":"binary-expr","locations":[{"start":{"line":216,"column":13},"end":{"line":216,"column":29}},{"start":{"line":216,"column":33},"end":{"line":216,"column":34}}]},"24":{"loc":{"start":{"line":217,"column":13},"end":{"line":217,"column":34}},"type":"binary-expr","locations":[{"start":{"line":217,"column":13},"end":{"line":217,"column":29}},{"start":{"line":217,"column":33},"end":{"line":217,"column":34}}]},"25":{"loc":{"start":{"line":220,"column":4},"end":{"line":220,"column":61}},"type":"if","locations":[{"start":{"line":220,"column":4},"end":{"line":220,"column":61}}]},"26":{"loc":{"start":{"line":220,"column":28},"end":{"line":220,"column":60}},"type":"cond-expr","locations":[{"start":{"line":220,"column":54},"end":{"line":220,"column":56}},{"start":{"line":220,"column":59},"end":{"line":220,"column":60}}]},"27":{"loc":{"start":{"line":221,"column":4},"end":{"line":221,"column":61}},"type":"if","locations":[{"start":{"line":221,"column":4},"end":{"line":221,"column":61}}]},"28":{"loc":{"start":{"line":221,"column":28},"end":{"line":221,"column":60}},"type":"cond-expr","locations":[{"start":{"line":221,"column":54},"end":{"line":221,"column":55}},{"start":{"line":221,"column":58},"end":{"line":221,"column":60}}]},"29":{"loc":{"start":{"line":227,"column":11},"end":{"line":227,"column":60}},"type":"cond-expr","locations":[{"start":{"line":227,"column":17},"end":{"line":227,"column":55}},{"start":{"line":227,"column":58},"end":{"line":227,"column":60}}]},"30":{"loc":{"start":{"line":231,"column":4},"end":{"line":231,"column":87}},"type":"if","locations":[{"start":{"line":231,"column":4},"end":{"line":231,"column":87}}]},"31":{"loc":{"start":{"line":232,"column":4},"end":{"line":232,"column":81}},"type":"if","locations":[{"start":{"line":232,"column":4},"end":{"line":232,"column":81}}]},"32":{"loc":{"start":{"line":236,"column":2},"end":{"line":242,"column":3}},"type":"if","locations":[{"start":{"line":236,"column":2},"end":{"line":242,"column":3}}]},"33":{"loc":{"start":{"line":244,"column":2},"end":{"line":250,"column":3}},"type":"if","locations":[{"start":{"line":244,"column":2},"end":{"line":250,"column":3}}]},"34":{"loc":{"start":{"line":254,"column":4},"end":{"line":254,"column":53}},"type":"if","locations":[{"start":{"line":254,"column":4},"end":{"line":254,"column":53}}]},"35":{"loc":{"start":{"line":293,"column":14},"end":{"line":295,"column":null}},"type":"cond-expr","locations":[{"start":{"line":294,"column":18},"end":{"line":294,"column":43}},{"start":{"line":295,"column":18},"end":{"line":295,"column":null}}]},"36":{"loc":{"start":{"line":308,"column":16},"end":{"line":310,"column":null}},"type":"cond-expr","locations":[{"start":{"line":309,"column":20},"end":{"line":309,"column":45}},{"start":{"line":310,"column":20},"end":{"line":310,"column":null}}]},"37":{"loc":{"start":{"line":371,"column":15},"end":{"line":544,"column":null}},"type":"cond-expr","locations":[{"start":{"line":372,"column":16},"end":{"line":376,"column":null}},{"start":{"line":379,"column":16},"end":{"line":544,"column":18}}]},"38":{"loc":{"start":{"line":395,"column":25},"end":{"line":399,"column":null}},"type":"binary-expr","locations":[{"start":{"line":395,"column":25},"end":{"line":395,"column":52}},{"start":{"line":396,"column":26},"end":{"line":398,"column":null}}]},"39":{"loc":{"start":{"line":430,"column":31},"end":{"line":430,"column":103}},"type":"cond-expr","locations":[{"start":{"line":430,"column":47},"end":{"line":430,"column":98}},{"start":{"line":430,"column":101},"end":{"line":430,"column":103}}]},"40":{"loc":{"start":{"line":435,"column":39},"end":{"line":435,"column":73}},"type":"cond-expr","locations":[{"start":{"line":435,"column":49},"end":{"line":435,"column":66}},{"start":{"line":435,"column":69},"end":{"line":435,"column":73}}]},"41":{"loc":{"start":{"line":452,"column":39},"end":{"line":452,"column":106}},"type":"cond-expr","locations":[{"start":{"line":452,"column":84},"end":{"line":452,"column":94}},{"start":{"line":452,"column":97},"end":{"line":452,"column":106}}]},"42":{"loc":{"start":{"line":452,"column":39},"end":{"line":452,"column":81}},"type":"binary-expr","locations":[{"start":{"line":452,"column":39},"end":{"line":452,"column":63}},{"start":{"line":452,"column":67},"end":{"line":452,"column":81}}]},"43":{"loc":{"start":{"line":470,"column":38},"end":{"line":470,"column":53}},"type":"binary-expr","locations":[{"start":{"line":470,"column":38},"end":{"line":470,"column":47}},{"start":{"line":470,"column":51},"end":{"line":470,"column":53}}]},"44":{"loc":{"start":{"line":472,"column":26},"end":{"line":474,"column":27}},"type":"if","locations":[{"start":{"line":472,"column":26},"end":{"line":474,"column":27}}]},"45":{"loc":{"start":{"line":472,"column":50},"end":{"line":472,"column":65}},"type":"binary-expr","locations":[{"start":{"line":472,"column":50},"end":{"line":472,"column":59}},{"start":{"line":472,"column":63},"end":{"line":472,"column":65}}]},"46":{"loc":{"start":{"line":477,"column":26},"end":{"line":479,"column":27}},"type":"if","locations":[{"start":{"line":477,"column":26},"end":{"line":479,"column":27}}]},"47":{"loc":{"start":{"line":488,"column":25},"end":{"line":502,"column":null}},"type":"cond-expr","locations":[{"start":{"line":489,"column":26},"end":{"line":499,"column":null}},{"start":{"line":502,"column":26},"end":{"line":502,"column":53}}]},"48":{"loc":{"start":{"line":488,"column":26},"end":{"line":488,"column":76}},"type":"binary-expr","locations":[{"start":{"line":488,"column":26},"end":{"line":488,"column":48}},{"start":{"line":488,"column":52},"end":{"line":488,"column":76}}]},"49":{"loc":{"start":{"line":490,"column":38},"end":{"line":490,"column":105}},"type":"binary-expr","locations":[{"start":{"line":490,"column":38},"end":{"line":490,"column":64}},{"start":{"line":490,"column":68},"end":{"line":490,"column":105}}]},"50":{"loc":{"start":{"line":495,"column":29},"end":{"line":498,"column":null}},"type":"cond-expr","locations":[{"start":{"line":496,"column":30},"end":{"line":496,"column":78}},{"start":{"line":498,"column":30},"end":{"line":498,"column":64}}]},"51":{"loc":{"start":{"line":495,"column":29},"end":{"line":495,"column":96}},"type":"binary-expr","locations":[{"start":{"line":495,"column":29},"end":{"line":495,"column":55}},{"start":{"line":495,"column":59},"end":{"line":495,"column":96}}]},"52":{"loc":{"start":{"line":517,"column":25},"end":{"line":539,"column":null}},"type":"cond-expr","locations":[{"start":{"line":518,"column":26},"end":{"line":530,"column":null}},{"start":{"line":533,"column":26},"end":{"line":538,"column":null}}]},"53":{"loc":{"start":{"line":552,"column":7},"end":{"line":711,"column":null}},"type":"binary-expr","locations":[{"start":{"line":552,"column":7},"end":{"line":552,"column":19}},{"start":{"line":553,"column":8},"end":{"line":710,"column":null}}]},"54":{"loc":{"start":{"line":572,"column":13},"end":{"line":575,"column":null}},"type":"binary-expr","locations":[{"start":{"line":572,"column":13},"end":{"line":572,"column":37}},{"start":{"line":573,"column":14},"end":{"line":574,"column":null}}]},"55":{"loc":{"start":{"line":574,"column":17},"end":{"line":574,"column":82}},"type":"binary-expr","locations":[{"start":{"line":574,"column":17},"end":{"line":574,"column":47}},{"start":{"line":574,"column":51},"end":{"line":574,"column":82}}]},"56":{"loc":{"start":{"line":585,"column":20},"end":{"line":585,"column":null}},"type":"cond-expr","locations":[{"start":{"line":585,"column":33},"end":{"line":585,"column":89}},{"start":{"line":585,"column":92},"end":{"line":585,"column":null}}]},"57":{"loc":{"start":{"line":590,"column":22},"end":{"line":596,"column":23}},"type":"if","locations":[{"start":{"line":590,"column":22},"end":{"line":596,"column":23}},{"start":{"line":593,"column":29},"end":{"line":596,"column":23}}]},"58":{"loc":{"start":{"line":591,"column":42},"end":{"line":591,"column":79}},"type":"binary-expr","locations":[{"start":{"line":591,"column":42},"end":{"line":591,"column":56}},{"start":{"line":591,"column":60},"end":{"line":591,"column":79}}]},"59":{"loc":{"start":{"line":592,"column":44},"end":{"line":592,"column":86}},"type":"binary-expr","locations":[{"start":{"line":592,"column":44},"end":{"line":592,"column":60}},{"start":{"line":592,"column":64},"end":{"line":592,"column":86}}]},"60":{"loc":{"start":{"line":593,"column":29},"end":{"line":596,"column":23}},"type":"if","locations":[{"start":{"line":593,"column":29},"end":{"line":596,"column":23}}]},"61":{"loc":{"start":{"line":594,"column":42},"end":{"line":594,"column":76}},"type":"binary-expr","locations":[{"start":{"line":594,"column":42},"end":{"line":594,"column":56}},{"start":{"line":594,"column":60},"end":{"line":594,"column":76}}]},"62":{"loc":{"start":{"line":595,"column":44},"end":{"line":595,"column":84}},"type":"binary-expr","locations":[{"start":{"line":595,"column":44},"end":{"line":595,"column":60}},{"start":{"line":595,"column":64},"end":{"line":595,"column":84}}]},"63":{"loc":{"start":{"line":600,"column":17},"end":{"line":601,"column":null}},"type":"binary-expr","locations":[{"start":{"line":600,"column":17},"end":{"line":600,"column":27}},{"start":{"line":601,"column":18},"end":{"line":601,"column":104}}]},"64":{"loc":{"start":{"line":612,"column":22},"end":{"line":612,"column":null}},"type":"cond-expr","locations":[{"start":{"line":612,"column":37},"end":{"line":612,"column":93}},{"start":{"line":612,"column":96},"end":{"line":612,"column":null}}]},"65":{"loc":{"start":{"line":616,"column":19},"end":{"line":617,"column":null}},"type":"binary-expr","locations":[{"start":{"line":616,"column":19},"end":{"line":616,"column":31}},{"start":{"line":617,"column":20},"end":{"line":617,"column":108}}]},"66":{"loc":{"start":{"line":626,"column":22},"end":{"line":626,"column":null}},"type":"cond-expr","locations":[{"start":{"line":626,"column":39},"end":{"line":626,"column":95}},{"start":{"line":626,"column":98},"end":{"line":626,"column":null}}]},"67":{"loc":{"start":{"line":630,"column":19},"end":{"line":631,"column":null}},"type":"binary-expr","locations":[{"start":{"line":630,"column":19},"end":{"line":630,"column":33}},{"start":{"line":631,"column":20},"end":{"line":631,"column":110}}]},"68":{"loc":{"start":{"line":661,"column":15},"end":{"line":669,"column":null}},"type":"binary-expr","locations":[{"start":{"line":661,"column":15},"end":{"line":661,"column":43}},{"start":{"line":662,"column":16},"end":{"line":668,"column":null}}]},"69":{"loc":{"start":{"line":705,"column":19},"end":{"line":705,"column":97}},"type":"binary-expr","locations":[{"start":{"line":705,"column":19},"end":{"line":705,"column":45}},{"start":{"line":705,"column":49},"end":{"line":705,"column":97}}]},"70":{"loc":{"start":{"line":715,"column":7},"end":{"line":849,"column":null}},"type":"binary-expr","locations":[{"start":{"line":715,"column":7},"end":{"line":715,"column":18}},{"start":{"line":716,"column":8},"end":{"line":848,"column":null}}]},"71":{"loc":{"start":{"line":746,"column":15},"end":{"line":794,"column":null}},"type":"binary-expr","locations":[{"start":{"line":746,"column":15},"end":{"line":746,"column":55}},{"start":{"line":746,"column":59},"end":{"line":746,"column":94}},{"start":{"line":747,"column":16},"end":{"line":793,"column":null}}]},"72":{"loc":{"start":{"line":758,"column":19},"end":{"line":792,"column":null}},"type":"binary-expr","locations":[{"start":{"line":758,"column":19},"end":{"line":758,"column":47}},{"start":{"line":759,"column":20},"end":{"line":791,"column":null}}]},"73":{"loc":{"start":{"line":763,"column":28},"end":{"line":763,"column":76}},"type":"binary-expr","locations":[{"start":{"line":763,"column":28},"end":{"line":763,"column":70}},{"start":{"line":763,"column":74},"end":{"line":763,"column":76}}]},"74":{"loc":{"start":{"line":768,"column":27},"end":{"line":769,"column":null}},"type":"binary-expr","locations":[{"start":{"line":768,"column":27},"end":{"line":768,"column":90}},{"start":{"line":769,"column":28},"end":{"line":769,"column":78}}]},"75":{"loc":{"start":{"line":768,"column":28},"end":{"line":768,"column":76}},"type":"binary-expr","locations":[{"start":{"line":768,"column":28},"end":{"line":768,"column":70}},{"start":{"line":768,"column":74},"end":{"line":768,"column":76}}]},"76":{"loc":{"start":{"line":777,"column":28},"end":{"line":777,"column":76}},"type":"binary-expr","locations":[{"start":{"line":777,"column":28},"end":{"line":777,"column":70}},{"start":{"line":777,"column":74},"end":{"line":777,"column":76}}]},"77":{"loc":{"start":{"line":782,"column":27},"end":{"line":783,"column":null}},"type":"binary-expr","locations":[{"start":{"line":782,"column":27},"end":{"line":782,"column":90}},{"start":{"line":783,"column":28},"end":{"line":783,"column":78}}]},"78":{"loc":{"start":{"line":782,"column":28},"end":{"line":782,"column":76}},"type":"binary-expr","locations":[{"start":{"line":782,"column":28},"end":{"line":782,"column":70}},{"start":{"line":782,"column":74},"end":{"line":782,"column":76}}]},"79":{"loc":{"start":{"line":803,"column":32},"end":{"line":803,"column":55}},"type":"binary-expr","locations":[{"start":{"line":803,"column":32},"end":{"line":803,"column":49}},{"start":{"line":803,"column":53},"end":{"line":803,"column":55}}]},"80":{"loc":{"start":{"line":806,"column":20},"end":{"line":808,"column":21}},"type":"if","locations":[{"start":{"line":806,"column":20},"end":{"line":808,"column":21}}]},"81":{"loc":{"start":{"line":806,"column":44},"end":{"line":806,"column":67}},"type":"binary-expr","locations":[{"start":{"line":806,"column":44},"end":{"line":806,"column":61}},{"start":{"line":806,"column":65},"end":{"line":806,"column":67}}]}},"s":{"0":1,"1":1,"2":1,"3":1,"4":1,"5":1,"6":1,"7":1,"8":1,"9":1,"10":1,"11":1,"12":0,"13":0,"14":0,"15":0,"16":0,"17":0,"18":0,"19":0,"20":0,"21":0,"22":0,"23":0,"24":0,"25":0,"26":0,"27":0,"28":0,"29":0,"30":0,"31":0,"32":0,"33":0,"34":0,"35":0,"36":0,"37":0,"38":0,"39":0,"40":0,"41":0,"42":0,"43":0,"44":0,"45":0,"46":0,"47":0,"48":0,"49":0,"50":0,"51":0,"52":0,"53":0,"54":0,"55":0,"56":0,"57":0,"58":0,"59":0,"60":0,"61":0,"62":0,"63":0,"64":0,"65":0,"66":0,"67":0,"68":0,"69":0,"70":0,"71":0,"72":0,"73":0,"74":0,"75":0,"76":0,"77":0,"78":0,"79":0,"80":0,"81":0,"82":0,"83":0,"84":0,"85":0,"86":0,"87":0,"88":0,"89":0,"90":0,"91":0,"92":0,"93":0,"94":0,"95":0,"96":0,"97":0,"98":0,"99":0,"100":0,"101":0,"102":0,"103":0,"104":0,"105":0,"106":0,"107":0,"108":0,"109":0,"110":0,"111":0,"112":0,"113":0,"114":0,"115":0,"116":0,"117":0,"118":0,"119":0,"120":0,"121":0,"122":0,"123":0,"124":0,"125":0,"126":0,"127":0,"128":0,"129":0,"130":0,"131":0,"132":0,"133":0,"134":0,"135":0,"136":0,"137":0,"138":0,"139":0,"140":0,"141":0,"142":0,"143":0,"144":0,"145":0,"146":0,"147":0,"148":0,"149":0,"150":0,"151":0,"152":0},"f":{"0":0,"1":0,"2":0,"3":0,"4":0,"5":0,"6":0,"7":0,"8":0,"9":0,"10":0,"11":0,"12":0,"13":0,"14":0,"15":0,"16":0,"17":0,"18":0,"19":0,"20":0,"21":0,"22":0,"23":0,"24":0,"25":0,"26":0,"27":0,"28":0,"29":0,"30":0,"31":0,"32":0,"33":0,"34":0,"35":0,"36":0,"37":0,"38":0,"39":0,"40":0,"41":0,"42":0,"43":0,"44":0,"45":0,"46":0,"47":0,"48":0,"49":0,"50":0,"51":0,"52":0,"53":0,"54":0,"55":0,"56":0},"b":{"0":[0],"1":[0,0],"2":[0,0],"3":[0,0],"4":[0,0],"5":[0,0],"6":[0,0],"7":[0,0],"8":[0,0],"9":[0,0],"10":[0,0],"11":[0,0],"12":[0,0],"13":[0,0,0,0,0],"14":[0,0],"15":[0,0],"16":[0,0],"17":[0,0],"18":[0,0],"19":[0,0],"20":[0,0],"21":[0,0],"22":[0],"23":[0,0],"24":[0,0],"25":[0],"26":[0,0],"27":[0],"28":[0,0],"29":[0,0],"30":[0],"31":[0],"32":[0],"33":[0],"34":[0],"35":[0,0],"36":[0,0],"37":[0,0],"38":[0,0],"39":[0,0],"40":[0,0],"41":[0,0],"42":[0,0],"43":[0,0],"44":[0],"45":[0,0],"46":[0],"47":[0,0],"48":[0,0],"49":[0,0],"50":[0,0],"51":[0,0],"52":[0,0],"53":[0,0],"54":[0,0],"55":[0,0],"56":[0,0],"57":[0,0],"58":[0,0],"59":[0,0],"60":[0],"61":[0,0],"62":[0,0],"63":[0,0],"64":[0,0],"65":[0,0],"66":[0,0],"67":[0,0],"68":[0,0],"69":[0,0],"70":[0,0],"71":[0,0,0],"72":[0,0],"73":[0,0],"74":[0,0],"75":[0,0],"76":[0,0],"77":[0,0],"78":[0,0],"79":[0,0],"80":[0],"81":[0,0]}}
,"F:\\Codebase\\Automation Tool\\SmartApply\\apps\\web\\src\\pages\\Dashboard.tsx": {"path":"F:\\Codebase\\Automation Tool\\SmartApply\\apps\\web\\src\\pages\\Dashboard.tsx","statementMap":{"0":{"start":{"line":16,"column":0},"end":{"line":16,"column":24}},"1":{"start":{"line":2,"column":0},"end":{"line":2,"column":49}},"2":{"start":{"line":3,"column":0},"end":{"line":3,"column":40}},"3":{"start":{"line":5,"column":0},"end":{"line":5,"column":null}},"4":{"start":{"line":14,"column":0},"end":{"line":14,"column":91}},"5":{"start":{"line":17,"column":44},"end":{"line":21,"column":4}},"6":{"start":{"line":19,"column":19},"end":{"line":19,"column":47}},"7":{"start":{"line":23,"column":2},"end":{"line":29,"column":3}},"8":{"start":{"line":24,"column":4},"end":{"line":28,"column":6}},"9":{"start":{"line":31,"column":2},"end":{"line":37,"column":3}},"10":{"start":{"line":32,"column":4},"end":{"line":36,"column":6}},"11":{"start":{"line":40,"column":20},"end":{"line":47,"column":4}},"12":{"start":{"line":49,"column":16},"end":{"line":90,"column":4}},"13":{"start":{"line":92,"column":2},"end":{"line":207,"column":4}},"14":{"start":{"line":102,"column":23},"end":{"line":102,"column":32}},"15":{"start":{"line":103,"column":10},"end":{"line":117,"column":12}},"16":{"start":{"line":146,"column":20},"end":{"line":146,"column":48}}},"fnMap":{"0":{"name":"Dashboard","decl":{"start":{"line":16,"column":24},"end":{"line":16,"column":33}},"loc":{"start":{"line":16,"column":33},"end":{"line":208,"column":1}}},"1":{"name":"(anonymous_1)","decl":{"start":{"line":19,"column":13},"end":{"line":19,"column":16}},"loc":{"start":{"line":19,"column":19},"end":{"line":19,"column":47}}},"2":{"name":"(anonymous_2)","decl":{"start":{"line":101,"column":19},"end":{"line":101,"column":20}},"loc":{"start":{"line":101,"column":33},"end":{"line":118,"column":9}}},"3":{"name":"(anonymous_3)","decl":{"start":{"line":145,"column":33},"end":{"line":145,"column":34}},"loc":{"start":{"line":146,"column":20},"end":{"line":146,"column":48}}}},"branchMap":{"0":{"loc":{"start":{"line":23,"column":2},"end":{"line":29,"column":3}},"type":"if","locations":[{"start":{"line":23,"column":2},"end":{"line":29,"column":3}}]},"1":{"loc":{"start":{"line":31,"column":2},"end":{"line":37,"column":3}},"type":"if","locations":[{"start":{"line":31,"column":2},"end":{"line":37,"column":3}}]},"2":{"loc":{"start":{"line":31,"column":6},"end":{"line":31,"column":21}},"type":"binary-expr","locations":[{"start":{"line":31,"column":6},"end":{"line":31,"column":11}},{"start":{"line":31,"column":15},"end":{"line":31,"column":21}}]},"3":{"loc":{"start":{"line":46,"column":30},"end":{"line":46,"column":61}},"type":"binary-expr","locations":[{"start":{"line":46,"column":30},"end":{"line":46,"column":56}},{"start":{"line":46,"column":60},"end":{"line":46,"column":61}}]}},"s":{"0":1,"1":1,"2":1,"3":1,"4":1,"5":0,"6":0,"7":0,"8":0,"9":0,"10":0,"11":0,"12":0,"13":0,"14":0,"15":0,"16":0},"f":{"0":0,"1":0,"2":0,"3":0},"b":{"0":[0],"1":[0],"2":[0,0],"3":[0,0]}}
,"F:\\Codebase\\Automation Tool\\SmartApply\\apps\\web\\src\\pages\\JobDetails.tsx": {"path":"F:\\Codebase\\Automation Tool\\SmartApply\\apps\\web\\src\\pages\\JobDetails.tsx","statementMap":{"0":{"start":{"line":20,"column":0},"end":{"line":20,"column":24}},"1":{"start":{"line":1,"column":0},"end":{"line":1,"column":40}},"2":{"start":{"line":2,"column":0},"end":{"line":2,"column":58}},"3":{"start":{"line":3,"column":0},"end":{"line":3,"column":78}},"4":{"start":{"line":4,"column":0},"end":{"line":4,"column":40}},"5":{"start":{"line":6,"column":0},"end":{"line":6,"column":null}},"6":{"start":{"line":21,"column":17},"end":{"line":21,"column":44}},"7":{"start":{"line":22,"column":19},"end":{"line":22,"column":32}},"8":{"start":{"line":23,"column":22},"end":{"line":23,"column":38}},"9":{"start":{"line":24,"column":48},"end":{"line":24,"column":60}},"10":{"start":{"line":27,"column":42},"end":{"line":30,"column":4}},"11":{"start":{"line":29,"column":19},"end":{"line":29,"column":42}},"12":{"start":{"line":33,"column":33},"end":{"line":36,"column":4}},"13":{"start":{"line":35,"column":19},"end":{"line":35,"column":44}},"14":{"start":{"line":38,"column":29},"end":{"line":38,"column":72}},"15":{"start":{"line":38,"column":55},"end":{"line":38,"column":71}},"16":{"start":{"line":41,"column":24},"end":{"line":48,"column":4}},"17":{"start":{"line":42,"column":22},"end":{"line":42,"column":71}},"18":{"start":{"line":44,"column":6},"end":{"line":44,"column":63}},"19":{"start":{"line":45,"column":6},"end":{"line":45,"column":60}},"20":{"start":{"line":46,"column":6},"end":{"line":46,"column":71}},"21":{"start":{"line":51,"column":27},"end":{"line":77,"column":4}},"22":{"start":{"line":53,"column":18},"end":{"line":53,"column":40}},"23":{"start":{"line":56,"column":6},"end":{"line":64,"column":7}},"24":{"start":{"line":57,"column":23},"end":{"line":60,"column":10}},"25":{"start":{"line":61,"column":8},"end":{"line":61,"column":26}},"26":{"start":{"line":62,"column":8},"end":{"line":62,"column":70}},"27":{"start":{"line":63,"column":8},"end":{"line":63,"column":73}},"28":{"start":{"line":67,"column":6},"end":{"line":69,"column":9}},"29":{"start":{"line":72,"column":6},"end":{"line":72,"column":38}},"30":{"start":{"line":75,"column":6},"end":{"line":75,"column":56}},"31":{"start":{"line":79,"column":2},"end":{"line":85,"column":3}},"32":{"start":{"line":80,"column":4},"end":{"line":84,"column":6}},"33":{"start":{"line":87,"column":2},"end":{"line":93,"column":3}},"34":{"start":{"line":88,"column":4},"end":{"line":92,"column":6}},"35":{"start":{"line":95,"column":29},"end":{"line":99,"column":3}},"36":{"start":{"line":96,"column":4},"end":{"line":96,"column":86}},"37":{"start":{"line":96,"column":21},"end":{"line":96,"column":86}},"38":{"start":{"line":97,"column":4},"end":{"line":97,"column":80}},"39":{"start":{"line":97,"column":21},"end":{"line":97,"column":80}},"40":{"start":{"line":98,"column":4},"end":{"line":98,"column":60}},"41":{"start":{"line":101,"column":2},"end":{"line":281,"column":4}},"42":{"start":{"line":104,"column":23},"end":{"line":104,"column":40}},"43":{"start":{"line":183,"column":26},"end":{"line":183,"column":42}},"44":{"start":{"line":199,"column":26},"end":{"line":199,"column":42}},"45":{"start":{"line":219,"column":33},"end":{"line":219,"column":55}},"46":{"start":{"line":258,"column":33},"end":{"line":258,"column":58}}},"fnMap":{"0":{"name":"JobDetails","decl":{"start":{"line":20,"column":24},"end":{"line":20,"column":34}},"loc":{"start":{"line":20,"column":34},"end":{"line":282,"column":1}}},"1":{"name":"(anonymous_1)","decl":{"start":{"line":29,"column":13},"end":{"line":29,"column":16}},"loc":{"start":{"line":29,"column":19},"end":{"line":29,"column":42}}},"2":{"name":"(anonymous_2)","decl":{"start":{"line":35,"column":13},"end":{"line":35,"column":16}},"loc":{"start":{"line":35,"column":19},"end":{"line":35,"column":44}}},"3":{"name":"(anonymous_3)","decl":{"start":{"line":38,"column":48},"end":{"line":38,"column":51}},"loc":{"start":{"line":38,"column":55},"end":{"line":38,"column":71}}},"4":{"name":"(anonymous_4)","decl":{"start":{"line":42,"column":16},"end":{"line":42,"column":19}},"loc":{"start":{"line":42,"column":22},"end":{"line":42,"column":71}}},"5":{"name":"(anonymous_5)","decl":{"start":{"line":43,"column":15},"end":{"line":43,"column":18}},"loc":{"start":{"line":43,"column":20},"end":{"line":47,"column":5}}},"6":{"name":"(anonymous_6)","decl":{"start":{"line":52,"column":16},"end":{"line":52,"column":21}},"loc":{"start":{"line":52,"column":27},"end":{"line":70,"column":5}}},"7":{"name":"(anonymous_7)","decl":{"start":{"line":71,"column":15},"end":{"line":71,"column":16}},"loc":{"start":{"line":71,"column":23},"end":{"line":73,"column":5}}},"8":{"name":"(anonymous_8)","decl":{"start":{"line":74,"column":13},"end":{"line":74,"column":14}},"loc":{"start":{"line":74,"column":26},"end":{"line":76,"column":5}}},"9":{"name":"(anonymous_9)","decl":{"start":{"line":95,"column":29},"end":{"line":95,"column":30}},"loc":{"start":{"line":95,"column":47},"end":{"line":99,"column":3}}},"10":{"name":"(anonymous_10)","decl":{"start":{"line":104,"column":17},"end":{"line":104,"column":20}},"loc":{"start":{"line":104,"column":23},"end":{"line":104,"column":40}}},"11":{"name":"(anonymous_11)","decl":{"start":{"line":182,"column":59},"end":{"line":182,"column":60}},"loc":{"start":{"line":183,"column":26},"end":{"line":183,"column":42}}},"12":{"name":"(anonymous_12)","decl":{"start":{"line":198,"column":59},"end":{"line":198,"column":60}},"loc":{"start":{"line":199,"column":26},"end":{"line":199,"column":42}}},"13":{"name":"(anonymous_13)","decl":{"start":{"line":219,"column":27},"end":{"line":219,"column":30}},"loc":{"start":{"line":219,"column":33},"end":{"line":219,"column":55}}},"14":{"name":"(anonymous_14)","decl":{"start":{"line":258,"column":27},"end":{"line":258,"column":30}},"loc":{"start":{"line":258,"column":33},"end":{"line":258,"column":58}}}},"branchMap":{"0":{"loc":{"start":{"line":56,"column":6},"end":{"line":64,"column":7}},"type":"if","locations":[{"start":{"line":56,"column":6},"end":{"line":64,"column":7}}]},"1":{"loc":{"start":{"line":75,"column":12},"end":{"line":75,"column":54}},"type":"binary-expr","locations":[{"start":{"line":75,"column":12},"end":{"line":75,"column":23}},{"start":{"line":75,"column":27},"end":{"line":75,"column":54}}]},"2":{"loc":{"start":{"line":79,"column":2},"end":{"line":85,"column":3}},"type":"if","locations":[{"start":{"line":79,"column":2},"end":{"line":85,"column":3}}]},"3":{"loc":{"start":{"line":87,"column":2},"end":{"line":93,"column":3}},"type":"if","locations":[{"start":{"line":87,"column":2},"end":{"line":93,"column":3}}]},"4":{"loc":{"start":{"line":87,"column":6},"end":{"line":87,"column":19}},"type":"binary-expr","locations":[{"start":{"line":87,"column":6},"end":{"line":87,"column":11}},{"start":{"line":87,"column":15},"end":{"line":87,"column":19}}]},"5":{"loc":{"start":{"line":96,"column":4},"end":{"line":96,"column":86}},"type":"if","locations":[{"start":{"line":96,"column":4},"end":{"line":96,"column":86}}]},"6":{"loc":{"start":{"line":97,"column":4},"end":{"line":97,"column":80}},"type":"if","locations":[{"start":{"line":97,"column":4},"end":{"line":97,"column":80}}]},"7":{"loc":{"start":{"line":132,"column":21},"end":{"line":132,"column":96}},"type":"cond-expr","locations":[{"start":{"line":132,"column":38},"end":{"line":132,"column":83}},{"start":{"line":132,"column":86},"end":{"line":132,"column":96}}]},"8":{"loc":{"start":{"line":159,"column":13},"end":{"line":229,"column":null}},"type":"cond-expr","locations":[{"start":{"line":160,"column":14},"end":{"line":209,"column":null}},{"start":{"line":212,"column":14},"end":{"line":228,"column":null}}]},"9":{"loc":{"start":{"line":181,"column":23},"end":{"line":189,"column":null}},"type":"cond-expr","locations":[{"start":{"line":182,"column":24},"end":{"line":187,"column":26}},{"start":{"line":189,"column":24},"end":{"line":189,"column":99}}]},"10":{"loc":{"start":{"line":197,"column":23},"end":{"line":205,"column":null}},"type":"cond-expr","locations":[{"start":{"line":198,"column":24},"end":{"line":203,"column":26}},{"start":{"line":205,"column":24},"end":{"line":205,"column":99}}]},"11":{"loc":{"start":{"line":222,"column":19},"end":{"line":225,"column":null}},"type":"cond-expr","locations":[{"start":{"line":223,"column":20},"end":{"line":223,"column":64}},{"start":{"line":225,"column":20},"end":{"line":225,"column":52}}]},"12":{"loc":{"start":{"line":240,"column":13},"end":{"line":275,"column":null}},"type":"cond-expr","locations":[{"start":{"line":241,"column":14},"end":{"line":249,"column":null}},{"start":{"line":252,"column":14},"end":{"line":274,"column":null}}]},"13":{"loc":{"start":{"line":261,"column":19},"end":{"line":264,"column":null}},"type":"cond-expr","locations":[{"start":{"line":262,"column":20},"end":{"line":262,"column":64}},{"start":{"line":264,"column":20},"end":{"line":264,"column":50}}]},"14":{"loc":{"start":{"line":266,"column":19},"end":{"line":266,"column":80}},"type":"cond-expr","locations":[{"start":{"line":266,"column":40},"end":{"line":266,"column":56}},{"start":{"line":266,"column":59},"end":{"line":266,"column":80}}]}},"s":{"0":1,"1":1,"2":1,"3":1,"4":1,"5":1,"6":0,"7":0,"8":0,"9":0,"10":0,"11":0,"12":0,"13":0,"14":0,"15":0,"16":0,"17":0,"18":0,"19":0,"20":0,"21":0,"22":0,"23":0,"24":0,"25":0,"26":0,"27":0,"28":0,"29":0,"30":0,"31":0,"32":0,"33":0,"34":0,"35":0,"36":0,"37":0,"38":0,"39":0,"40":0,"41":0,"42":0,"43":0,"44":0,"45":0,"46":0},"f":{"0":0,"1":0,"2":0,"3":0,"4":0,"5":0,"6":0,"7":0,"8":0,"9":0,"10":0,"11":0,"12":0,"13":0,"14":0},"b":{"0":[0],"1":[0,0],"2":[0],"3":[0],"4":[0,0],"5":[0],"6":[0],"7":[0,0],"8":[0,0],"9":[0,0],"10":[0,0],"11":[0,0],"12":[0,0],"13":[0,0],"14":[0,0]}}
,"F:\\Codebase\\Automation Tool\\SmartApply\\apps\\web\\src\\pages\\Jobs.tsx": {"path":"F:\\Codebase\\Automation Tool\\SmartApply\\apps\\web\\src\\pages\\Jobs.tsx","statementMap":{"0":{"start":{"line":45,"column":0},"end":{"line":45,"column":24}},"1":{"start":{"line":1,"column":0},"end":{"line":1,"column":40}},"2":{"start":{"line":2,"column":0},"end":{"line":2,"column":36}},"3":{"start":{"line":3,"column":0},"end":{"line":3,"column":78}},"4":{"start":{"line":4,"column":0},"end":{"line":4,"column":40}},"5":{"start":{"line":6,"column":0},"end":{"line":6,"column":null}},"6":{"start":{"line":22,"column":0},"end":{"line":22,"column":47}},"7":{"start":{"line":23,"column":0},"end":{"line":23,"column":42}},"8":{"start":{"line":24,"column":0},"end":{"line":24,"column":54}},"9":{"start":{"line":25,"column":0},"end":{"line":25,"column":25}},"10":{"start":{"line":37,"column":21},"end":{"line":41,"column":2}},"11":{"start":{"line":46,"column":19},"end":{"line":46,"column":32}},"12":{"start":{"line":47,"column":22},"end":{"line":47,"column":38}},"13":{"start":{"line":48,"column":26},"end":{"line":48,"column":37}},"14":{"start":{"line":49,"column":46},"end":{"line":53,"column":4}},"15":{"start":{"line":55,"column":37},"end":{"line":62,"column":4}},"16":{"start":{"line":65,"column":37},"end":{"line":69,"column":4}},"17":{"start":{"line":68,"column":6},"end":{"line":68,"column":145}},"18":{"start":{"line":72,"column":24},"end":{"line":88,"column":4}},"19":{"start":{"line":74,"column":6},"end":{"line":74,"column":58}},"20":{"start":{"line":76,"column":6},"end":{"line":76,"column":93}},"21":{"start":{"line":79,"column":6},"end":{"line":79,"column":38}},"22":{"start":{"line":80,"column":6},"end":{"line":80,"column":90}},"23":{"start":{"line":81,"column":6},"end":{"line":81,"column":60}},"24":{"start":{"line":82,"column":6},"end":{"line":82,"column":71}},"25":{"start":{"line":85,"column":6},"end":{"line":85,"column":38}},"26":{"start":{"line":86,"column":6},"end":{"line":86,"column":98}},"27":{"start":{"line":91,"column":23},"end":{"line":105,"column":4}},"28":{"start":{"line":93,"column":6},"end":{"line":96,"column":8}},"29":{"start":{"line":98,"column":6},"end":{"line":98,"column":68}},"30":{"start":{"line":99,"column":6},"end":{"line":99,"column":71}},"31":{"start":{"line":100,"column":6},"end":{"line":100,"column":69}},"32":{"start":{"line":103,"column":6},"end":{"line":103,"column":55}},"33":{"start":{"line":108,"column":32},"end":{"line":118,"column":4}},"34":{"start":{"line":109,"column":22},"end":{"line":109,"column":74}},"35":{"start":{"line":111,"column":6},"end":{"line":111,"column":75}},"36":{"start":{"line":112,"column":6},"end":{"line":112,"column":60}},"37":{"start":{"line":113,"column":6},"end":{"line":113,"column":71}},"38":{"start":{"line":116,"column":6},"end":{"line":116,"column":75}},"39":{"start":{"line":120,"column":29},"end":{"line":123,"column":3}},"40":{"start":{"line":121,"column":4},"end":{"line":121,"column":15}},"41":{"start":{"line":122,"column":4},"end":{"line":122,"column":28}},"42":{"start":{"line":125,"column":29},"end":{"line":129,"column":3}},"43":{"start":{"line":126,"column":4},"end":{"line":126,"column":87}},"44":{"start":{"line":126,"column":21},"end":{"line":126,"column":87}},"45":{"start":{"line":127,"column":4},"end":{"line":127,"column":81}},"46":{"start":{"line":127,"column":21},"end":{"line":127,"column":81}},"47":{"start":{"line":128,"column":4},"end":{"line":128,"column":61}},"48":{"start":{"line":131,"column":2},"end":{"line":321,"column":4}},"49":{"start":{"line":140,"column":25},"end":{"line":140,"column":55}},"50":{"start":{"line":208,"column":14},"end":{"line":209,"column":null}},"51":{"start":{"line":220,"column":37},"end":{"line":220,"column":64}},"52":{"start":{"line":249,"column":37},"end":{"line":249,"column":64}},"53":{"start":{"line":258,"column":37},"end":{"line":258,"column":65}},"54":{"start":{"line":273,"column":37},"end":{"line":273,"column":64}},"55":{"start":{"line":303,"column":33},"end":{"line":303,"column":50}},"56":{"start":{"line":310,"column":33},"end":{"line":310,"column":50}}},"fnMap":{"0":{"name":"Jobs","decl":{"start":{"line":45,"column":24},"end":{"line":45,"column":28}},"loc":{"start":{"line":45,"column":28},"end":{"line":322,"column":1}}},"1":{"name":"(anonymous_1)","decl":{"start":{"line":67,"column":13},"end":{"line":67,"column":16}},"loc":{"start":{"line":68,"column":6},"end":{"line":68,"column":145}}},"2":{"name":"(anonymous_2)","decl":{"start":{"line":73,"column":16},"end":{"line":73,"column":17}},"loc":{"start":{"line":74,"column":6},"end":{"line":74,"column":58}}},"3":{"name":"(anonymous_3)","decl":{"start":{"line":75,"column":14},"end":{"line":75,"column":17}},"loc":{"start":{"line":75,"column":19},"end":{"line":77,"column":5}}},"4":{"name":"(anonymous_4)","decl":{"start":{"line":78,"column":15},"end":{"line":78,"column":16}},"loc":{"start":{"line":78,"column":40},"end":{"line":83,"column":5}}},"5":{"name":"(anonymous_5)","decl":{"start":{"line":84,"column":13},"end":{"line":84,"column":14}},"loc":{"start":{"line":84,"column":42},"end":{"line":87,"column":5}}},"6":{"name":"(anonymous_6)","decl":{"start":{"line":92,"column":16},"end":{"line":92,"column":17}},"loc":{"start":{"line":93,"column":6},"end":{"line":96,"column":8}}},"7":{"name":"(anonymous_7)","decl":{"start":{"line":97,"column":15},"end":{"line":97,"column":18}},"loc":{"start":{"line":97,"column":20},"end":{"line":101,"column":5}}},"8":{"name":"(anonymous_8)","decl":{"start":{"line":102,"column":13},"end":{"line":102,"column":14}},"loc":{"start":{"line":102,"column":26},"end":{"line":104,"column":5}}},"9":{"name":"(anonymous_9)","decl":{"start":{"line":109,"column":16},"end":{"line":109,"column":19}},"loc":{"start":{"line":109,"column":22},"end":{"line":109,"column":74}}},"10":{"name":"(anonymous_10)","decl":{"start":{"line":110,"column":15},"end":{"line":110,"column":16}},"loc":{"start":{"line":110,"column":23},"end":{"line":114,"column":5}}},"11":{"name":"(anonymous_11)","decl":{"start":{"line":115,"column":13},"end":{"line":115,"column":14}},"loc":{"start":{"line":115,"column":26},"end":{"line":117,"column":5}}},"12":{"name":"(anonymous_12)","decl":{"start":{"line":120,"column":29},"end":{"line":120,"column":30}},"loc":{"start":{"line":120,"column":52},"end":{"line":123,"column":3}}},"13":{"name":"(anonymous_13)","decl":{"start":{"line":125,"column":29},"end":{"line":125,"column":30}},"loc":{"start":{"line":125,"column":47},"end":{"line":129,"column":3}}},"14":{"name":"(anonymous_14)","decl":{"start":{"line":140,"column":19},"end":{"line":140,"column":22}},"loc":{"start":{"line":140,"column":25},"end":{"line":140,"column":55}}},"15":{"name":"(anonymous_15)","decl":{"start":{"line":207,"column":27},"end":{"line":207,"column":28}},"loc":{"start":{"line":208,"column":14},"end":{"line":209,"column":null}}},"16":{"name":"(anonymous_16)","decl":{"start":{"line":220,"column":31},"end":{"line":220,"column":34}},"loc":{"start":{"line":220,"column":37},"end":{"line":220,"column":64}}},"17":{"name":"(anonymous_17)","decl":{"start":{"line":249,"column":31},"end":{"line":249,"column":34}},"loc":{"start":{"line":249,"column":37},"end":{"line":249,"column":64}}},"18":{"name":"(anonymous_18)","decl":{"start":{"line":258,"column":31},"end":{"line":258,"column":34}},"loc":{"start":{"line":258,"column":37},"end":{"line":258,"column":65}}},"19":{"name":"(anonymous_19)","decl":{"start":{"line":273,"column":31},"end":{"line":273,"column":34}},"loc":{"start":{"line":273,"column":37},"end":{"line":273,"column":64}}},"20":{"name":"(anonymous_20)","decl":{"start":{"line":303,"column":27},"end":{"line":303,"column":30}},"loc":{"start":{"line":303,"column":33},"end":{"line":303,"column":50}}},"21":{"name":"(anonymous_21)","decl":{"start":{"line":310,"column":27},"end":{"line":310,"column":30}},"loc":{"start":{"line":310,"column":33},"end":{"line":310,"column":50}}}},"branchMap":{"0":{"loc":{"start":{"line":86,"column":18},"end":{"line":86,"column":96}},"type":"binary-expr","locations":[{"start":{"line":86,"column":18},"end":{"line":86,"column":29}},{"start":{"line":86,"column":33},"end":{"line":86,"column":96}}]},"1":{"loc":{"start":{"line":103,"column":18},"end":{"line":103,"column":53}},"type":"binary-expr","locations":[{"start":{"line":103,"column":18},"end":{"line":103,"column":29}},{"start":{"line":103,"column":33},"end":{"line":103,"column":53}}]},"2":{"loc":{"start":{"line":111,"column":20},"end":{"line":111,"column":73}},"type":"binary-expr","locations":[{"start":{"line":111,"column":20},"end":{"line":111,"column":31}},{"start":{"line":111,"column":35},"end":{"line":111,"column":73}}]},"3":{"loc":{"start":{"line":116,"column":18},"end":{"line":116,"column":73}},"type":"binary-expr","locations":[{"start":{"line":116,"column":18},"end":{"line":116,"column":29}},{"start":{"line":116,"column":33},"end":{"line":116,"column":73}}]},"4":{"loc":{"start":{"line":126,"column":4},"end":{"line":126,"column":87}},"type":"if","locations":[{"start":{"line":126,"column":4},"end":{"line":126,"column":87}}]},"5":{"loc":{"start":{"line":127,"column":4},"end":{"line":127,"column":81}},"type":"if","locations":[{"start":{"line":127,"column":4},"end":{"line":127,"column":81}}]},"6":{"loc":{"start":{"line":143,"column":11},"end":{"line":146,"column":null}},"type":"cond-expr","locations":[{"start":{"line":144,"column":12},"end":{"line":144,"column":56}},{"start":{"line":146,"column":12},"end":{"line":146,"column":46}}]},"7":{"loc":{"start":{"line":195,"column":7},"end":{"line":318,"column":null}},"type":"cond-expr","locations":[{"start":{"line":196,"column":8},"end":{"line":197,"column":null}},{"start":{"line":199,"column":10},"end":{"line":318,"column":null}}]},"8":{"loc":{"start":{"line":199,"column":10},"end":{"line":318,"column":null}},"type":"cond-expr","locations":[{"start":{"line":200,"column":8},"end":{"line":202,"column":null}},{"start":{"line":205,"column":8},"end":{"line":317,"column":null}}]},"9":{"loc":{"start":{"line":199,"column":10},"end":{"line":199,"column":50}},"type":"binary-expr","locations":[{"start":{"line":199,"column":10},"end":{"line":199,"column":15}},{"start":{"line":199,"column":19},"end":{"line":199,"column":24}},{"start":{"line":199,"column":28},"end":{"line":199,"column":50}}]},"10":{"loc":{"start":{"line":236,"column":25},"end":{"line":236,"column":100}},"type":"cond-expr","locations":[{"start":{"line":236,"column":42},"end":{"line":236,"column":87}},{"start":{"line":236,"column":90},"end":{"line":236,"column":100}}]},"11":{"loc":{"start":{"line":247,"column":19},"end":{"line":267,"column":null}},"type":"cond-expr","locations":[{"start":{"line":248,"column":20},"end":{"line":253,"column":null}},{"start":{"line":256,"column":20},"end":{"line":265,"column":null}}]},"12":{"loc":{"start":{"line":257,"column":32},"end":{"line":257,"column":93}},"type":"binary-expr","locations":[{"start":{"line":257,"column":32},"end":{"line":257,"column":55}},{"start":{"line":257,"column":59},"end":{"line":257,"column":93}}]},"13":{"loc":{"start":{"line":261,"column":23},"end":{"line":264,"column":null}},"type":"cond-expr","locations":[{"start":{"line":262,"column":24},"end":{"line":262,"column":72}},{"start":{"line":264,"column":24},"end":{"line":264,"column":58}}]},"14":{"loc":{"start":{"line":261,"column":23},"end":{"line":261,"column":84}},"type":"binary-expr","locations":[{"start":{"line":261,"column":23},"end":{"line":261,"column":46}},{"start":{"line":261,"column":50},"end":{"line":261,"column":84}}]},"15":{"loc":{"start":{"line":295,"column":11},"end":{"line":316,"column":null}},"type":"binary-expr","locations":[{"start":{"line":295,"column":11},"end":{"line":295,"column":41}},{"start":{"line":296,"column":12},"end":{"line":315,"column":null}}]}},"s":{"0":1,"1":1,"2":1,"3":1,"4":1,"5":1,"6":1,"7":1,"8":1,"9":1,"10":1,"11":0,"12":0,"13":0,"14":0,"15":0,"16":0,"17":0,"18":0,"19":0,"20":0,"21":0,"22":0,"23":0,"24":0,"25":0,"26":0,"27":0,"28":0,"29":0,"30":0,"31":0,"32":0,"33":0,"34":0,"35":0,"36":0,"37":0,"38":0,"39":0,"40":0,"41":0,"42":0,"43":0,"44":0,"45":0,"46":0,"47":0,"48":0,"49":0,"50":0,"51":0,"52":0,"53":0,"54":0,"55":0,"56":0},"f":{"0":0,"1":0,"2":0,"3":0,"4":0,"5":0,"6":0,"7":0,"8":0,"9":0,"10":0,"11":0,"12":0,"13":0,"14":0,"15":0,"16":0,"17":0,"18":0,"19":0,"20":0,"21":0},"b":{"0":[0,0],"1":[0,0],"2":[0,0],"3":[0,0],"4":[0],"5":[0],"6":[0,0],"7":[0,0],"8":[0,0],"9":[0,0,0],"10":[0,0],"11":[0,0],"12":[0,0],"13":[0,0],"14":[0,0],"15":[0,0]}}
,"F:\\Codebase\\Automation Tool\\SmartApply\\apps\\web\\src\\pages\\LandingPage.tsx": {"path":"F:\\Codebase\\Automation Tool\\SmartApply\\apps\\web\\src\\pages\\LandingPage.tsx","statementMap":{"0":{"start":{"line":40,"column":0},"end":{"line":40,"column":24}},"1":{"start":{"line":1,"column":0},"end":{"line":1,"column":51}},"2":{"start":{"line":2,"column":0},"end":{"line":2,"column":53}},"3":{"start":{"line":3,"column":0},"end":{"line":3,"column":50}},"4":{"start":{"line":4,"column":0},"end":{"line":4,"column":66}},"5":{"start":{"line":5,"column":0},"end":{"line":5,"column":null}},"6":{"start":{"line":41,"column":19},"end":{"line":41,"column":32}},"7":{"start":{"line":42,"column":16},"end":{"line":42,"column":50}},"8":{"start":{"line":42,"column":38},"end":{"line":42,"column":49}},"9":{"start":{"line":45,"column":34},"end":{"line":45,"column":109}},"10":{"start":{"line":46,"column":40},"end":{"line":46,"column":51}},"11":{"start":{"line":47,"column":48},"end":{"line":47,"column":59}},"12":{"start":{"line":48,"column":46},"end":{"line":48,"column":96}},"13":{"start":{"line":49,"column":48},"end":{"line":49,"column":70}},"14":{"start":{"line":50,"column":50},"end":{"line":50,"column":100}},"15":{"start":{"line":53,"column":34},"end":{"line":53,"column":65}},"16":{"start":{"line":54,"column":34},"end":{"line":54,"column":61}},"17":{"start":{"line":55,"column":42},"end":{"line":55,"column":67}},"18":{"start":{"line":58,"column":42},"end":{"line":58,"column":81}},"19":{"start":{"line":59,"column":40},"end":{"line":59,"column":83}},"20":{"start":{"line":60,"column":38},"end":{"line":60,"column":76}},"21":{"start":{"line":63,"column":28},"end":{"line":120,"column":3}},"22":{"start":{"line":64,"column":4},"end":{"line":64,"column":36}},"23":{"start":{"line":64,"column":29},"end":{"line":64,"column":36}},"24":{"start":{"line":67,"column":4},"end":{"line":67,"column":28}},"25":{"start":{"line":68,"column":4},"end":{"line":68,"column":22}},"26":{"start":{"line":69,"column":4},"end":{"line":69,"column":26}},"27":{"start":{"line":70,"column":4},"end":{"line":70,"column":27}},"28":{"start":{"line":72,"column":25},"end":{"line":119,"column":10}},"29":{"start":{"line":73,"column":6},"end":{"line":118,"column":9}},"30":{"start":{"line":74,"column":8},"end":{"line":116,"column":9}},"31":{"start":{"line":75,"column":10},"end":{"line":75,"column":40}},"32":{"start":{"line":76,"column":10},"end":{"line":76,"column":32}},"33":{"start":{"line":79,"column":10},"end":{"line":113,"column":18}},"34":{"start":{"line":80,"column":12},"end":{"line":80,"column":36}},"35":{"start":{"line":81,"column":12},"end":{"line":81,"column":30}},"36":{"start":{"line":84,"column":32},"end":{"line":112,"column":19}},"37":{"start":{"line":85,"column":14},"end":{"line":111,"column":17}},"38":{"start":{"line":86,"column":16},"end":{"line":109,"column":17}},"39":{"start":{"line":87,"column":18},"end":{"line":87,"column":47}},"40":{"start":{"line":90,"column":18},"end":{"line":106,"column":26}},"41":{"start":{"line":91,"column":20},"end":{"line":91,"column":47}},"42":{"start":{"line":92,"column":20},"end":{"line":92,"column":38}},"43":{"start":{"line":95,"column":35},"end":{"line":95,"column":89}},"44":{"start":{"line":96,"column":20},"end":{"line":105,"column":23}},"45":{"start":{"line":97,"column":22},"end":{"line":104,"column":42}},"46":{"start":{"line":98,"column":24},"end":{"line":98,"column":81}},"47":{"start":{"line":98,"column":57},"end":{"line":98,"column":79}},"48":{"start":{"line":99,"column":24},"end":{"line":103,"column":25}},"49":{"start":{"line":100,"column":26},"end":{"line":102,"column":35}},"50":{"start":{"line":101,"column":28},"end":{"line":101,"column":48}},"51":{"start":{"line":108,"column":18},"end":{"line":108,"column":29}},"52":{"start":{"line":110,"column":16},"end":{"line":110,"column":30}},"53":{"start":{"line":115,"column":10},"end":{"line":115,"column":21}},"54":{"start":{"line":117,"column
[...]
:{"line":575,"column":17},"end":{"line":575,"column":42}},{"start":{"line":576,"column":18},"end":{"line":645,"column":null}}]},"32":{"loc":{"start":{"line":579,"column":23},"end":{"line":585,"column":null}},"type":"binary-expr","locations":[{"start":{"line":579,"column":23},"end":{"line":579,"column":32}},{"start":{"line":580,"column":24},"end":{"line":584,"column":null}}]},"33":{"loc":{"start":{"line":589,"column":21},"end":{"line":644,"column":null}},"type":"cond-expr","locations":[{"start":{"line":590,"column":22},"end":{"line":634,"column":null}},{"start":{"line":637,"column":22},"end":{"line":644,"column":24}}]}},"s":{"0":1,"1":1,"2":1,"3":1,"4":1,"5":1,"6":1,"7":1,"8":1,"9":1,"10":0,"11":0,"12":0,"13":0,"14":0,"15":0,"16":0,"17":0,"18":0,"19":0,"20":0,"21":0,"22":0,"23":0,"24":0,"25":0,"26":0,"27":0,"28":0,"29":0,"30":0,"31":0,"32":0,"33":0,"34":0,"35":0,"36":0,"37":0,"38":0,"39":0,"40":0,"41":0,"42":0,"43":0,"44":0,"45":0,"46":0,"47":0,"48":0,"49":0,"50":0,"51":0,"52":0,"53":0,"54":0,"55":0,"56":0,"57":0,"58":0,"59":0,"60":0,"61":0,"62":0,"63":0,"64":0,"65":0,"66":0,"67":0,"68":0,"69":0,"70":0,"71":0,"72":0,"73":0,"74":0,"75":0,"76":0,"77":0,"78":0,"79":0,"80":0,"81":0,"82":0,"83":0,"84":0,"85":0,"86":0,"87":0,"88":0,"89":0,"90":0,"91":0,"92":0,"93":0,"94":0,"95":0,"96":0,"97":0,"98":0,"99":0,"100":0,"101":0,"102":0,"103":0,"104":0,"105":0,"106":0,"107":0,"108":0,"109":0,"110":0,"111":0,"112":0,"113":0,"114":0,"115":0,"116":0,"117":0,"118":0,"119":0,"120":0,"121":0,"122":0,"123":0,"124":0,"125":0},"f":{"0":0,"1":0,"2":0,"3":0,"4":0,"5":0,"6":0,"7":0,"8":0,"9":0,"10":0,"11":0,"12":0,"13":0,"14":0,"15":0,"16":0,"17":0,"18":0,"19":0,"20":0,"21":0,"22":0,"23":0,"24":0,"25":0,"26":0,"27":0,"28":0,"29":0,"30":0,"31":0,"32":0,"33":0,"34":0,"35":0,"36":0,"37":0,"38":0,"39":0,"40":0,"41":0,"42":0,"43":0,"44":0,"45":0,"46":0,"47":0,"48":0,"49":0,"50":0,"51":0,"52":0,"53":0,"54":0,"55":0,"56":0,"57":0,"58":0,"59":0},"b":{"0":[0,0],"1":[0,0],"2":[0,0],"3":[0],"4":[0,0],"5":[0,0],"6":[0],"7":[0,0],"8":[0,0],"9":[0,0],"10":[0,0],"11":[0,0,0],"12":[0,0],"13":[0,0],"14":[0,0],"15":[0,0],"16":[0,0],"17":[0,0],"18":[0,0],"19":[0,0],"20":[0,0],"21":[0,0],"22":[0,0],"23":[0,0],"24":[0,0],"25":[0,0],"26":[0,0],"27":[0,0],"28":[0,0],"29":[0,0],"30":[0,0],"31":[0,0],"32":[0,0],"33":[0,0]}}
,"F:\\Codebase\\Automation Tool\\SmartApply\\apps\\web\\src\\pages\\Settings.tsx": {"path":"F:\\Codebase\\Automation Tool\\SmartApply\\apps\\web\\src\\pages\\Settings.tsx","statementMap":{"0":{"start":{"line":22,"column":0},"end":{"line":22,"column":24}},"1":{"start":{"line":1,"column":0},"end":{"line":1,"column":51}},"2":{"start":{"line":2,"column":0},"end":{"line":2,"column":50}},"3":{"start":{"line":3,"column":0},"end":{"line":3,"column":95}},"4":{"start":{"line":4,"column":0},"end":{"line":4,"column":42}},"5":{"start":{"line":5,"column":0},"end":{"line":5,"column":54}},"6":{"start":{"line":6,"column":0},"end":{"line":6,"column":25}},"7":{"start":{"line":7,"column":0},"end":{"line":7,"column":52}},"8":{"start":{"line":9,"column":23},"end":{"line":18,"column":2}},"9":{"start":{"line":23,"column":15},"end":{"line":23,"column":48}},"10":{"start":{"line":23,"column":37},"end":{"line":23,"column":47}},"11":{"start":{"line":24,"column":42},"end":{"line":24,"column":57}},"12":{"start":{"line":26,"column":67},"end":{"line":38,"column":4}},"13":{"start":{"line":40,"column":2},"end":{"line":59,"column":20}},"14":{"start":{"line":41,"column":25},"end":{"line":41,"column":68}},"15":{"start":{"line":42,"column":4},"end":{"line":58,"column":5}},"16":{"start":{"line":43,"column":6},"end":{"line":46,"column":16}},"17":{"start":{"line":44,"column":23},"end":{"line":44,"column":47}},"18":{"start":{"line":45,"column":8},"end":{"line":45,"column":22}},"19":{"start":{"line":47,"column":11},"end":{"line":58,"column":5}},"20":{"start":{"line":48,"column":6},"end":{"line":57,"column":9}},"21":{"start":{"line":61,"column":23},"end":{"line":71,"column":4}},"22":{"start":{"line":64,"column":6},"end":{"line":64,"column":61}},"23":{"start":{"line":64,"column":35},"end":{"line":64,"column":59}},"24":{"start":{"line":65,"column":6},"end":{"line":65,"column":72}},"25":{"start":{"line":68,"column":6},"end":{"line":68,"column":28}},"26":{"start":{"line":69,"column":6},"end":{"line":69,"column":53}},"27":{"start":{"line":69,"column":23},"end":{"line":69,"column":45}},"28":{"start":{"line":73,"column":19},"end":{"line":75,"column":3}},"29":{"start":{"line":74,"column":4},"end":{"line":74,"column":30}},"30":{"start":{"line":77,"column":2},"end":{"line":243,"column":4}}},"fnMap":{"0":{"name":"Settings","decl":{"start":{"line":22,"column":24},"end":{"line":22,"column":32}},"loc":{"start":{"line":22,"column":32},"end":{"line":244,"column":1}}},"1":{"name":"(anonymous_1)","decl":{"start":{"line":23,"column":28},"end":{"line":23,"column":33}},"loc":{"start":{"line":23,"column":37},"end":{"line":23,"column":47}}},"2":{"name":"(anonymous_2)","decl":{"start":{"line":40,"column":12},"end":{"line":40,"column":15}},"loc":{"start":{"line":40,"column":17},"end":{"line":59,"column":3}}},"3":{"name":"(anonymous_3)","decl":{"start":{"line":62,"column":16},"end":{"line":62,"column":21}},"loc":{"start":{"line":62,"column":47},"end":{"line":66,"column":5}}},"4":{"name":"(anonymous_4)","decl":{"start":{"line":64,"column":24},"end":{"line":64,"column":31}},"loc":{"start":{"line":64,"column":35},"end":{"line":64,"column":59}}},"5":{"name":"(anonymous_5)","decl":{"start":{"line":67,"column":15},"end":{"line":67,"column":18}},"loc":{"start":{"line":67,"column":20},"end":{"line":70,"column":5}}},"6":{"name":"(anonymous_6)","decl":{"start":{"line":69,"column":17},"end":{"line":69,"column":20}},"loc":{"start":{"line":69,"column":23},"end":{"line":69,"column":45}}},"7":{"name":"(anonymous_7)","decl":{"start":{"line":73,"column":19},"end":{"line":73,"column":20}},"loc":{"start":{"line":73,"column":44},"end":{"line":75,"column":3}}}},"branchMap":{"0":{"loc":{"start":{"line":30,"column":13},"end":{"line":30,"column":30}},"type":"binary-expr","locations":[{"start":{"line":30,"column":13},"end":{"line":30,"column":24}},{"start":{"line":30,"column":28},"end":{"line":30,"column":30}}]},"1":{"loc":{"start":{"line":42,"column":4},"end":{"line":58,"column":5}},"type":"if","locations":[{"start":{"line":42,"column":4},"end":{"line":58,"column":5}},{"start":{"line":47,"column":11},"end":{"line":58,"column":5}}]},"2":{"loc":{"start":{"line":47,"column":11},"end":{"line":58,"column":5}},"type":"if","locations":[{"start":{"line":47,"column":11},"end":{"line":58,"column":5}}]},"3":{"loc":{"start":{"line":99,"column":20},"end":{"line":99,"column":null}},"type":"cond-expr","locations":[{"start":{"line":99,"column":38},"end":{"line":99,"column":94}},{"start":{"line":99,"column":97},"end":{"line":99,"column":null}}]},"4":{"loc":{"start":{"line":104,"column":15},"end":{"line":105,"column":null}},"type":"binary-expr","locations":[{"start":{"line":104,"column":15},"end":{"line":104,"column":30}},{"start":{"line":105,"column":16},"end":{"line":105,"column":107}}]},"5":{"loc":{"start":{"line":116,"column":20},"end":{"line":116,"column":null}},"type":"cond-expr","locations":[{"start":{"line":116,"column":35},"end":{"line":116,"column":91}},{"start":{"line":116,"column":94},"end":{"line":116,"column":null}}]},"6":{"loc":{"start":{"line":121,"column":15},"end":{"line":122,"column":null}},"type":"binary-expr","locations":[{"start":{"line":121,"column":15},"end":{"line":121,"column":27}},{"start":{"line":122,"column":16},"end":{"line":122,"column":104}}]},"7":{"loc":{"start":{"line":133,"column":18},"end":{"line":133,"column":null}},"type":"cond-expr","locations":[{"start":{"line":133,"column":36},"end":{"line":133,"column":92}},{"start":{"line":133,"column":95},"end":{"line":133,"column":null}}]},"8":{"loc":{"start":{"line":137,"column":15},"end":{"line":138,"column":null}},"type":"binary-expr","locations":[{"start":{"line":137,"column":15},"end":{"line":137,"column":30}},{"start":{"line":138,"column":16},"end":{"line":138,"column":107}}]},"9":{"loc":{"start":{"line":148,"column":18},"end":{"line":148,"column":null}},"type":"cond-expr","locations":[{"start":{"line":148,"column":45},"end":{"line":148,"column":101}},{"start":{"line":148,"column":104},"end":{"line":148,"column":null}}]},"10":{"loc":{"start":{"line":152,"column":15},"end":{"line":153,"column":null}},"type":"binary-expr","locations":[{"start":{"line":152,"column":15},"end":{"line":152,"column":39}},{"start":{"line":153,"column":16},"end":{"line":153,"column":116}}]},"11":{"loc":{"start":{"line":165,"column":18},"end":{"line":165,"column":null}},"type":"cond-expr","locations":[{"start":{"line":165,"column":40},"end":{"line":165,"column":96}},{"start":{"line":165,"column":99},"end":{"line":165,"column":null}}]},"12":{"loc":{"start":{"line":171,"column":13},"end":{"line":172,"column":null}},"type":"binary-expr","locations":[{"start":{"line":171,"column":13},"end":{"line":171,"column":32}},{"start":{"line":172,"column":14},"end":{"line":172,"column":109}}]},"13":{"loc":{"start":{"line":184,"column":20},"end":{"line":184,"column":null}},"type":"cond-expr","locations":[{"start":{"line":184,"column":39},"end":{"line":184,"column":95}},{"start":{"line":184,"column":98},"end":{"line":184,"column":null}}]},"14":{"loc":{"start":{"line":189,"column":15},"end":{"line":190,"column":null}},"type":"binary-expr","locations":[{"start":{"line":189,"column":15},"end":{"line":189,"column":31}},{"start":{"line":190,"column":16},"end":{"line":190,"column":108}}]},"15":{"loc":{"start":{"line":201,"column":20},"end":{"line":201,"column":null}},"type":"cond-expr","locations":[{"start":{"line":201,"column":41},"end":{"line":201,"column":97}},{"start":{"line":201,"column":100},"end":{"line":201,"column":null}}]},"16":{"loc":{"start":{"line":206,"column":15},"end":{"line":207,"column":null}},"type":"binary-expr","locations":[{"start":{"line":206,"column":15},"end":{"line":206,"column":33}},{"start":{"line":207,"column":16},"end":{"line":207,"column":110}}]},"17":{"loc":{"start":{"line":222,"column":15},"end":{"line":236,"column":null}},"type":"cond-expr","locations":[{"start":{"line":223,"column":16},"end":{"line":224,"column":null}},{"start":{"line":227,"column":18},"end":{"line":236,"column":null}}]},"18":{"loc":{"start":{"line":227,"column":18},"end":{"line":236,"column":null}},"type":"cond-expr","locations":[{"start":{"line":228,"column":16},"end":{"line":229,"column":null}},{"start":{"line":233,"column":16},"end":{"line":234,"column":null}}]}},"s":{"0":2,"1":2,"2":2,"3":2,"4":2,"5":2,"6":2,"7":2,"8":2,"9":10,"10":10,"11":10,"12":10,"13":10,"14":3,"15":3,"16":0,"17":0,"18":0,"19":3,"20":3,"21":10,"22":0,"23":0,"24":0,"25":0,"26":0,"27":0,"28":10,"29":0,"30":10},"f":{"0":10,"1":10,"2":3,"3":0,"4":0,"5":0,"6":0,"7":0},"b":{"0":[10,0],"1":[0,3],"2":[3],"3":[1,9],"4":[10,1],"5":[1,9],"6":[10,1],"7":[1,9],"8":[10,1],"9":[0,10],"10":[10,0],"11":[0,10],"12":[10,0],"13":[1,9],"14":[10,1],"15":[1,9],"16":[10,1],"17":[3,7],"18":[0,7]}}
,"F:\\Codebase\\Automation Tool\\SmartApply\\apps\\web\\src\\store\\authStore.ts": {"path":"F:\\Codebase\\Automation Tool\\SmartApply\\apps\\web\\src\\store\\authStore.ts","statementMap":{"0":{"start":{"line":1,"column":0},"end":{"line":1,"column":33}},"1":{"start":{"line":12,"column":13},"end":{"line":22,"column":4}},"2":{"start":{"line":12,"column":61},"end":{"line":22,"column":2}},"3":{"start":{"line":16,"column":4},"end":{"line":16,"column":25}},"4":{"start":{"line":19,"column":4},"end":{"line":19,"column":37}},"5":{"start":{"line":21,"column":25},"end":{"line":21,"column":38}}},"fnMap":{"0":{"name":"(anonymous_0)","decl":{"start":{"line":12,"column":46},"end":{"line":12,"column":47}},"loc":{"start":{"line":12,"column":61},"end":{"line":22,"column":2}}},"1":{"name":"(anonymous_1)","decl":{"start":{"line":15,"column":11},"end":{"line":15,"column":12}},"loc":{"start":{"line":15,"column":27},"end":{"line":17,"column":3}}},"2":{"name":"(anonymous_2)","decl":{"start":{"line":18,"column":10},"end":{"line":18,"column":13}},"loc":{"start":{"line":18,"column":15},"end":{"line":20,"column":3}}},"3":{"name":"(anonymous_3)","decl":{"start":{"line":21,"column":19},"end":{"line":21,"column":22}},"loc":{"start":{"line":21,"column":25},"end":{"line":21,"column":38}}}},"branchMap":{},"s":{"0":9,"1":9,"2":9,"3":2,"4":3,"5":4},"f":{"0":9,"1":2,"2":3,"3":4},"b":{}}
,"F:\\Codebase\\Automation Tool\\SmartApply\\apps\\web\\src\\tests\\utils\\renderWithProviders.tsx": {"path":"F:\\Codebase\\Automation Tool\\SmartApply\\apps\\web\\src\\tests\\utils\\renderWithProviders.tsx","statementMap":{"0":{"start":{"line":12,"column":0},"end":{"line":12,"column":16}},"1":{"start":{"line":2,"column":0},"end":{"line":2,"column":63}},"2":{"start":{"line":3,"column":0},"end":{"line":3,"column":73}},"3":{"start":{"line":4,"column":0},"end":{"line":4,"column":48}},"4":{"start":{"line":32,"column":4},"end":{"line":38,"column":6}},"5":{"start":{"line":41,"column":2},"end":{"line":44,"column":4}},"6":{"start":{"line":47,"column":0},"end":{"line":47,"column":39}},"7":{"start":{"line":48,"column":0},"end":{"line":48,"column":9}},"8":{"start":{"line":48,"column":9},"end":{"line":48,"column":29}}},"fnMap":{"0":{"name":"renderWithProviders","decl":{"start":{"line":12,"column":16},"end":{"line":12,"column":35}},"loc":{"start":{"line":29,"column":36},"end":{"line":45,"column":1}}},"1":{"name":"Wrapper","decl":{"start":{"line":31,"column":11},"end":{"line":31,"column":18}},"loc":{"start":{"line":31,"column":62},"end":{"line":39,"column":3}}},"2":{"name":"(anonymous_6)","decl":{"start":{"line":48,"column":9},"end":{"line":48,"column":16}},"loc":{"start":{"line":48,"column":9},"end":{"line":48,"column":29}}}},"branchMap":{"0":{"loc":{"start":{"line":14,"column":2},"end":{"line":29,"column":36}},"type":"default-arg","locations":[{"start":{"line":29,"column":34},"end":{"line":29,"column":36}}]},"1":{"loc":{"start":{"line":15,"column":4},"end":{"line":15,"column":15}},"type":"default-arg","locations":[{"start":{"line":15,"column":12},"end":{"line":15,"column":15}}]},"2":{"loc":{"start":{"line":16,"column":4},"end":{"line":16,"column":28}},"type":"default-arg","locations":[{"start":{"line":16,"column":21},"end":{"line":16,"column":28}}]},"3":{"loc":{"start":{"line":17,"column":4},"end":{"line":27,"column":6}},"type":"default-arg","locations":[{"start":{"line":17,"column":18},"end":{"line":27,"column":6}}]}},"s":{"0":6,"1":6,"2":6,"3":6,"4":23,"5":23,"6":6,"7":6,"8":6},"f":{"0":23,"1":23,"2":0},"b":{"0":[18],"1":[23],"2":[18],"3":[23]}}
,"F:\\Codebase\\Automation Tool\\SmartApply\\apps\\web\\src\\utils\\api.ts": {"path":"F:\\Codebase\\Automation Tool\\SmartApply\\apps\\web\\src\\utils\\api.ts","statementMap":{"0":{"start":{"line":53,"column":0},"end":{"line":53,"column":7}},"1":{"start":{"line":1,"column":0},"end":{"line":1,"column":26}},"2":{"start":{"line":2,"column":0},"end":{"line":2,"column":50}},"3":{"start":{"line":5,"column":18},"end":{"line":11,"column":1}},"4":{"start":{"line":6,"column":2},"end":{"line":10,"column":3}},"5":{"start":{"line":7,"column":4},"end":{"line":7,"column":48}},"6":{"start":{"line":9,"column":4},"end":{"line":9,"column":90}},"7":{"start":{"line":13,"column":13},"end":{"line":13,"column":40}},"8":{"start":{"line":16,"column":13},"end":{"line":19,"column":3}},"9":{"start":{"line":22,"column":0},"end":{"line":33,"column":2}},"10":{"start":{"line":24,"column":18},"end":{"line":24,"column":47}},"11":{"start":{"line":25,"column":4},"end":{"line":27,"column":5}},"12":{"start":{"line":26,"column":6},"end":{"line":26,"column":55}},"13":{"start":{"line":28,"column":4},"end":{"line":28,"column":18}},"14":{"start":{"line":31,"column":4},"end":{"line":31,"column":33}},"15":{"start":{"line":36,"column":0},"end":{"line":50,"column":2}},"16":{"start":{"line":37,"column":16},"end":{"line":37,"column":24}},"17":{"start":{"line":40,"column":26},"end":{"line":40,"column":86}},"18":{"start":{"line":41,"column":23},"end":{"line":41,"column":77}},"19":{"start":{"line":44,"column":4},"end":{"line":46,"column":5}},"20":{"start":{"line":45,"column":6},"end":{"line":45,"column":39}},"21":{"start":{"line":48,"column":4},"end":{"line":48,"column":49}},"22":{"start":{"line":54,"column":17},"end":{"line":54,"column":56}},"23":{"start":{"line":57,"column":13},"end":{"line":57,"column":25}},"24":{"start":{"line":58,"column":2},"end":{"line":62,"column":3}},"25":{"start":{"line":59,"column":4},"end":{"line":61,"column":14}},"26":{"start":{"line":60,"column":6},"end":{"line":60,"column":30}},"27":{"start":{"line":64,"column":19},"end":{"line":69,"column":4}},"28":{"start":{"line":71,"column":2},"end":{"line":71,"column":28}}},"fnMap":{"0":{"name":"(anonymous_0)","decl":{"start":{"line":5,"column":18},"end":{"line":5,"column":21}},"loc":{"start":{"line":5,"column":23},"end":{"line":11,"column":1}}},"1":{"name":"(anonymous_1)","decl":{"start":{"line":23,"column":2},"end":{"line":23,"column":3}},"loc":{"start":{"line":23,"column":13},"end":{"line":29,"column":3}}},"2":{"name":"(anonymous_2)","decl":{"start":{"line":30,"column":2},"end":{"line":30,"column":3}},"loc":{"start":{"line":30,"column":12},"end":{"line":32,"column":3}}},"3":{"name":"(anonymous_3)","decl":{"start":{"line":37,"column":2},"end":{"line":37,"column":3}},"loc":{"start":{"line":37,"column":16},"end":{"line":37,"column":24}}},"4":{"name":"(anonymous_4)","decl":{"start":{"line":38,"column":2},"end":{"line":38,"column":3}},"loc":{"start":{"line":38,"column":12},"end":{"line":49,"column":3}}},"5":{"name":"apiFetch","decl":{"start":{"line":53,"column":22},"end":{"line":53,"column":30}},"loc":{"start":{"line":53,"column":75},"end":{"line":72,"column":1}}}},"branchMap":{"0":{"loc":{"start":{"line":9,"column":12},"end":{"line":9,"column":89}},"type":"binary-expr","locations":[{"start":{"line":9,"column":12},"end":{"line":9,"column":62}},{"start":{"line":9,"column":66},"end":{"line":9,"column":89}}]},"1":{"loc":{"start":{"line":25,"column":4},"end":{"line":27,"column":5}},"type":"if","locations":[{"start":{"line":25,"column":4},"end":{"line":27,"column":5}}]},"2":{"loc":{"start":{"line":40,"column":26},"end":{"line":40,"column":86}},"type":"binary-expr","locations":[{"start":{"line":40,"column":26},"end":{"line":40,"column":53}},{"start":{"line":40,"column":57},"end":{"line":40,"column":86}}]},"3":{"loc":{"start":{"line":41,"column":23},"end":{"line":41,"column":77}},"type":"binary-expr","locations":[{"start":{"line":41,"column":23},"end":{"line":41,"column":36}},{"start":{"line":41,"column":40},"end":{"line":41,"column":53}},{"start":{"line":41,"column":57},"end":{"line":41,"column":77}}]},"4":{"loc":{"start":{"line":44,"column":4},"end":{"line":46,"column":5}},"type":"if","locations":[{"start":{"line":44,"column":4},"end":{"line":46,"column":5}}]},"5":{"loc":{"start":{"line":53,"column":58},"end":{"line":53,"column":75}},"type":"default-arg","locations":[{"start":{"line":53,"column":73},"end":{"line":53,"column":75}}]},"6":{"loc":{"start":{"line":54,"column":18},"end":{"line":54,"column":41}},"type":"binary-expr","locations":[{"start":{"line":54,"column":18},"end":{"line":54,"column":32}},{"start":{"line":54,"column":36},"end":{"line":54,"column":41}}]},"7":{"loc":{"start":{"line":58,"column":2},"end":{"line":62,"column":3}},"type":"if","locations":[{"start":{"line":58,"column":2},"end":{"line":62,"column":3}}]},"8":{"loc":{"start":{"line":58,"column":6},"end":{"line":58,"column":38}},"type":"binary-expr","locations":[{"start":{"line":58,"column":6},"end":{"line":58,"column":10}},{"start":{"line":58,"column":14},"end":{"line":58,"column":38}}]}},"s":{"0":5,"1":5,"2":5,"3":5,"4":5,"5":5,"6":5,"7":5,"8":5,"9":5,"10":2,"11":2,"12":1,"13":2,"14":0,"15":5,"16":1,"17":3,"18":3,"19":3,"20":1,"21":3,"22":2,"23":2,"24":2,"25":2,"26":2,"27":2,"28":2},"f":{"0":5,"1":2,"2":0,"3":1,"4":3,"5":2},"b":{"0":[5,0],"1":[1],"2":[3,1],"3":[3,0,0],"4":[1],"5":[0],"6":[2,0],"7":[2],"8":[2,2]}}
}
