TN:
SF:src\App.tsx
FN:32,ProtectedRoute
FN:33,(anonymous_1)
FN:38,PublicRoute
FN:39,(anonymous_3)
FN:44,AppLayout
FN:65,App
FN:69,(anonymous_6)
FN:71,(anonymous_7)
FN:74,(anonymous_8)
FN:77,(anonymous_9)
FNF:10
FNH:4
FNDA:2,ProtectedRoute
FNDA:2,(anonymous_1)
FNDA:2,PublicRoute
FNDA:2,(anonymous_3)
FNDA:0,AppLayout
FNDA:0,App
FNDA:0,(anonymous_6)
FNDA:0,(anonymous_7)
FNDA:0,(anonymous_8)
FNDA:0,(anonymous_9)
DA:1,1
DA:2,1
DA:3,1
DA:4,1
DA:5,1
DA:6,1
DA:9,1
DA:10,1
DA:11,1
DA:12,1
DA:13,1
DA:14,1
DA:15,1
DA:16,1
DA:17,1
DA:20,1
DA:22,1
DA:32,1
DA:33,2
DA:34,2
DA:38,1
DA:39,2
DA:40,2
DA:45,0
DA:63,1
DA:65,1
DA:66,0
DA:67,0
DA:69,0
DA:70,0
DA:72,0
DA:75,0
DA:78,0
DA:82,0
DA:83,0
DA:90,0
LF:36
LH:25
BRDA:34,0,0,1
BRDA:34,0,1,1
BRDA:40,1,0,1
BRDA:40,1,1,1
BRDA:82,2,0,0
BRF:5
BRH:4
end_of_record
TN:
SF:src\components\Navbar.tsx
FN:15,Navbar
FN:19,(anonymous_1)
FN:20,(anonymous_2)
FN:49,(anonymous_3)
FN:55,(anonymous_4)
FNF:5
FNH:4
FNDA:5,Navbar
FNDA:1,(anonymous_1)
FNDA:0,(anonymous_2)
FNDA:25,(anonymous_3)
FNDA:25,(anonymous_4)
DA:2,2
DA:3,2
DA:4,2
DA:5,2
DA:15,2
DA:16,5
DA:17,5
DA:19,5
DA:20,1
DA:21,1
DA:22,1
DA:25,5
DA:33,5
DA:50,25
DA:51,25
DA:56,25
LF:16
LH:16
BRDA:57,0,0,1
BRDA:57,0,1,24
BRF:2
BRH:2
end_of_record
TN:
SF:src\pages\Applications.tsx
FN:51,Applications
FN:86,(anonymous_1)
FN:91,(anonymous_2)
FN:96,(anonymous_3)
FN:101,(anonymous_4)
FN:108,(anonymous_5)
FN:112,(anonymous_6)
FN:118,(anonymous_7)
FN:125,(anonymous_8)
FN:130,(anonymous_9)
FN:137,(anonymous_10)
FN:144,(anonymous_11)
FN:148,(anonymous_12)
FN:151,(anonymous_13)
FN:155,(anonymous_14)
FN:161,(anonymous_15)
FN:174,(anonymous_16)
FN:184,(anonymous_17)
FN:196,(anonymous_18)
FN:225,(anonymous_19)
FN:226,(anonymous_20)
FN:230,(anonymous_21)
FN:253,(anonymous_22)
FN:255,(anonymous_23)
FN:268,(anonymous_24)
FN:278,(anonymous_25)
FN:291,(anonymous_26)
FN:303,(anonymous_27)
FN:306,(anonymous_28)
FN:329,(anonymous_29)
FN:340,(anonymous_30)
FN:345,(anonymous_31)
FN:350,(anonymous_32)
FN:355,(anonymous_33)
FN:360,(anonymous_34)
FN:379,(anonymous_35)
FN:388,(anonymous_36)
FN:431,(anonymous_37)
FN:446,(anonymous_38)
FN:456,(anonymous_39)
FN:471,(anonymous_40)
FN:476,(anonymous_41)
FN:491,(anonymous_42)
FN:520,(anonymous_43)
FN:526,(anonymous_44)
FN:534,(anonymous_45)
FN:555,(anonymous_46)
FN:565,(anonymous_47)
FN:588,(anonymous_48)
FN:652,(anonymous_49)
FN:695,(anonymous_50)
FN:717,(anonymous_51)
FN:736,(anonymous_52)
FN:763,(anonymous_53)
FN:777,(anonymous_54)
FN:805,(anonymous_55)
FN:841,(anonymous_56)
FNF:57
FNH:0
FNDA:0,Applications
FNDA:0,(anonymous_1)
FNDA:0,(anonymous_2)
FNDA:0,(anonymous_3)
FNDA:0,(anonymous_4)
FNDA:0,(anonymous_5)
FNDA:0,(anonymous_6)
FNDA:0,(anonymous_7)
FNDA:0,(anonymous_8)
FNDA:0,(anonymous_9)
FNDA:0,(anonymous_10)
FNDA:0,(anonymous_11)
FNDA:0,(anonymous_12)
FNDA:0,(anonymous_13)
FNDA:0,(anonymous_14)
FNDA:0,(anonymous_15)
FNDA:0,(anonymous_16)
FNDA:0,(anonymous_17)
FNDA:0,(anonymous_18)
FNDA:0,(anonymous_19)
FNDA:0,(anonymous_20)
FNDA:0,(anonymous_21)
FNDA:0,(anonymous_22)
FNDA:0,(anonymous_23)
FNDA:0,(anonymous_24)
FNDA:0,(anonymous_25)
FNDA:0,(anonymous_26)
FNDA:0,(anonymous_27)
FNDA:0,(anonymous_28)
FNDA:0,(anonymous_29)
FNDA:0,(anonymous_30)
FNDA:0,(anonymous_31)
FNDA:0,(anonymous_32)
FNDA:0,(anonymous_33)
FNDA:0,(anonymous_34)
FNDA:0,(anonymous_35)
FNDA:0,(anonymous_36)
FNDA:0,(anonymous_37)
FNDA:0,(anonymous_38)
FNDA:0,(anonymous_39)
FNDA:0,(anonymous_40)
FNDA:0,(anonymous_41)
FNDA:0,(anonymous_42)
FNDA:0,(anonymous_43)
FNDA:0,(anonymous_44)
FNDA:0,(anonymous_45)
FNDA:0,(anonymous_46)
FNDA:0,(anonymous_47)
FNDA:0,(anonymous_48)
FNDA:0,(anonymous_49)
FNDA:0,(anonymous_50)
FNDA:0,(anonymous_51)
FNDA:0,(anonymous_52)
FNDA:0,(anonymous_53)
FNDA:0,(anonymous_54)
FNDA:0,(anonymous_55)
FNDA:0,(anonymous_56)
DA:1,1
DA:2,1
DA:3,1
DA:5,1
DA:23,1
DA:24,1
DA:25,1
DA:26,1
DA:27,1
DA:29,1
DA:38,1
DA:51,1
DA:52,0
DA:53,0
DA:54,0
DA:55,0
DA:58,0
DA:59,0
DA:62,0
DA:63,0
DA:64,0
DA:67,0
DA:81,0
DA:84,0
DA:86,0
DA:90,0
DA:92,0
DA:97,0
DA:98,0
DA:99,0
DA:102,0
DA:107,0
DA:109,0
DA:113,0
DA:114,0
DA:115,0
DA:116,0
DA:119,0
DA:124,0
DA:126,0
DA:131,0
DA:132,0
DA:133,0
DA:134,0
DA:135,0
DA:138,0
DA:143,0
DA:145,0
DA:149,0
DA:152,0
DA:153,0
DA:156,0
DA:157,0
DA:161,0
DA:162,0
DA:174,0
DA:175,0
DA:176,0
DA:178,0
DA:179,0
DA:184,0
DA:185,0
DA:187,0
DA:192,0
DA:196,0
DA:200,0
DA:201,0
DA:202,0
DA:203,0
DA:204,0
DA:205,0
DA:206,0
DA:207,0
DA:208,0
DA:209,0
DA:210,0
DA:211,0
DA:212,0
DA:213,0
DA:214,0
DA:215,0
DA:216,0
DA:217,0
DA:220,0
DA:221,0
DA:222,0
DA:225,0
DA:226,0
DA:227,0
DA:230,0
DA:231,0
DA:232,0
DA:233,0
DA:236,0
DA:237,0
DA:244,0
DA:245,0
DA:253,0
DA:254,0
DA:255,0
DA:258,0
DA:269,0
DA:270,0
DA:278,0
DA:291,0
DA:304,0
DA:306,0
DA:329,0
DA:340,0
DA:345,0
DA:350,0
DA:355,0
DA:360,0
DA:380,0
DA:388,0
DA:432,0
DA:433,0
DA:447,0
DA:448,0
DA:457,0
DA:472,0
DA:473,0
DA:477,0
DA:478,0
DA:491,0
DA:520,0
DA:526,0
DA:534,0
DA:555,0
DA:565,0
DA:589,0
DA:590,0
DA:591,0
DA:592,0
DA:593,0
DA:594,0
DA:595,0
DA:653,0
DA:695,0
DA:717,0
DA:736,0
DA:764,0
DA:778,0
DA:806,0
DA:807,0
DA:841,0
LF:146
LH:12
BRDA:84,0,0,0
BRDA:102,1,0,0
BRDA:102,1,1,0
BRDA:119,2,0,0
BRDA:119,2,1,0
BRDA:138,3,0,0
BRDA:138,3,1,0
BRDA:153,4,0,0
BRDA:153,4,1,0
BRDA:157,5,0,0
BRDA:157,5,1,0
BRDA:167,6,0,0
BRDA:167,6,1,0
BRDA:169,7,0,0
BRDA:169,7,1,0
BRDA:170,8,0,0
BRDA:170,8,1,0
BRDA:170,9,0,0
BRDA:170,9,1,0
BRDA:175,10,0,0
BRDA:175,10,1,0
BRDA:176,11,0,0
BRDA:176,11,1,0
BRDA:185,12,0,0
BRDA:185,12,1,0
BRDA:187,13,0,0
BRDA:187,13,1,0
BRDA:187,13,2,0
BRDA:187,13,3,0
BRDA:187,13,4,0
BRDA:192,14,0,0
BRDA:192,14,1,0
BRDA:200,15,0,0
BRDA:200,15,1,0
BRDA:203,16,0,0
BRDA:203,16,1,0
BRDA:206,17,0,0
BRDA:206,17,1,0
BRDA:209,18,0,0
BRDA:209,18,1,0
BRDA:212,19,0,0
BRDA:212,19,1,0
BRDA:213,20,0,0
BRDA:213,20,1,0
BRDA:214,21,0,0
BRDA:214,21,1,0
BRDA:215,22,0,0
BRDA:216,23,0,0
BRDA:216,23,1,0
BRDA:217,24,0,0
BRDA:217,24,1,0
BRDA:220,25,0,0
BRDA:220,26,0,0
BRDA:220,26,1,0
BRDA:221,27,0,0
BRDA:221,28,0,0
BRDA:221,28,1,0
BRDA:227,29,0,0
BRDA:227,29,1,0
BRDA:231,30,0,0
BRDA:232,31,0,0
BRDA:236,32,0,0
BRDA:244,33,0,0
BRDA:254,34,0,0
BRDA:293,35,0,0
BRDA:293,35,1,0
BRDA:308,36,0,0
BRDA:308,36,1,0
BRDA:371,37,0,0
BRDA:371,37,1,0
BRDA:395,38,0,0
BRDA:395,38,1,0
BRDA:430,39,0,0
BRDA:430,39,1,0
BRDA:435,40,0,0
BRDA:435,40,1,0
BRDA:452,41,0,0
BRDA:452,41,1,0
BRDA:452,42,0,0
BRDA:452,42,1,0
BRDA:470,43,0,0
BRDA:470,43,1,0
BRDA:472,44,0,0
BRDA:472,45,0,0
BRDA:472,45,1,0
BRDA:477,46,0,0
BRDA:488,47,0,0
BRDA:488,47,1,0
BRDA:488,48,0,0
BRDA:488,48,1,0
BRDA:490,49,0,0
BRDA:490,49,1,0
BRDA:495,50,0,0
BRDA:495,50,1,0
BRDA:495,51,0,0
BRDA:495,51,1,0
BRDA:517,52,0,0
BRDA:517,52,1,0
BRDA:552,53,0,0
BRDA:552,53,1,0
BRDA:572,54,0,0
BRDA:572,54,1,0
BRDA:574,55,0,0
BRDA:574,55,1,0
BRDA:585,56,0,0
BRDA:585,56,1,0
BRDA:590,57,0,0
BRDA:590,57,1,0
BRDA:591,58,0,0
BRDA:591,58,1,0
BRDA:592,59,0,0
BRDA:592,59,1,0
BRDA:593,60,0,0
BRDA:594,61,0,0
BRDA:594,61,1,0
BRDA:595,62,0,0
BRDA:595,62,1,0
BRDA:600,63,0,0
BRDA:600,63,1,0
BRDA:612,64,0,0
BRDA:612,64,1,0
BRDA:616,65,0,0
BRDA:616,65,1,0
BRDA:626,66,0,0
BRDA:626,66,1,0
BRDA:630,67,0,0
BRDA:630,67,1,0
BRDA:661,68,0,0
BRDA:661,68,1,0
BRDA:705,69,0,0
BRDA:705,69,1,0
BRDA:715,70,0,0
BRDA:715,70,1,0
BRDA:746,71,0,0
BRDA:746,71,1,0
BRDA:746,71,2,0
BRDA:758,72,0,0
BRDA:758,72,1,0
BRDA:763,73,0,0
BRDA:763,73,1,0
BRDA:768,74,0,0
BRDA:768,74,1,0
BRDA:768,75,0,0
BRDA:768,75,1,0
BRDA:777,76,0,0
BRDA:777,76,1,0
BRDA:782,77,0,0
BRDA:782,77,1,0
BRDA:782,78,0,0
BRDA:782,78,1,0
BRDA:803,79,0,0
BRDA:803,79,1,0
BRDA:806,80,0,0
BRDA:806,81,0,0
BRDA:806,81,1,0
BRF:155
BRH:0
end_of_record
TN:
SF:src\pages\Dashboard.tsx
FN:16,Dashboard
FN:19,(anonymous_1)
FN:101,(anonymous_2)
FN:145,(anonymous_3)
FNF:4
FNH:0
FNDA:0,Dashboard
FNDA:0,(anonymous_1)
FNDA:0,(anonymous_2)
FNDA:0,(anonymous_3)
DA:2,1
DA:3,1
DA:5,1
DA:14,1
DA:16,1
DA:17,0
DA:19,0
DA:23,0
DA:24,0
DA:31,0
DA:32,0
DA:40,0
DA:49,0
DA:92,0
DA:102,0
DA:103,0
DA:146,0
LF:17
LH:5
BRDA:23,0,0,0
BRDA:31,1,0,0
BRDA:31,2,0,0
BRDA:31,2,1,0
BRDA:46,3,0,0
BRDA:46,3,1,0
BRF:6
BRH:0
end_of_record
TN:
SF:src\pages\JobDetails.tsx
FN:20,JobDetails
FN:29,(anonymous_1)
FN:35,(anonymous_2)
FN:38,(anonymous_3)
FN:42,(anonymous_4)
FN:43,(anonymous_5)
FN:52,(anonymous_6)
FN:71,(anonymous_7)
FN:74,(anonymous_8)
FN:95,(anonymous_9)
FN:104,(anonymous_10)
FN:182,(anonymous_11)
FN:198,(anonymous_12)
FN:219,(anonymous_13)
FN:258,(anonymous_14)
FNF:15
FNH:0
FNDA:0,JobDetails
FNDA:0,(anonymous_1)
FNDA:0,(anonymous_2)
FNDA:0,(anonymous_3)
FNDA:0,(anonymous_4)
FNDA:0,(anonymous_5)
FNDA:0,(anonymous_6)
FNDA:0,(anonymous_7)
FNDA:0,(anonymous_8)
FNDA:0,(anonymous_9)
FNDA:0,(anonymous_10)
FNDA:0,(anonymous_11)
FNDA:0,(anonymous_12)
FNDA:0,(anonymous_13)
FNDA:0,(anonymous_14)
DA:1,1
DA:2,1
DA:3,1
DA:4,1
DA:6,1
DA:20,1
DA:21,0
DA:22,0
DA:23,0
DA:24,0
DA:27,0
DA:29,0
DA:33,0
DA:35,0
DA:38,0
DA:41,0
DA:42,0
DA:44,0
DA:45,0
DA:46,0
DA:51,0
DA:53,0
DA:56,0
DA:57,0
DA:61,0
DA:62,0
DA:63,0
DA:67,0
DA:72,0
DA:75,0
DA:79,0
DA:80,0
DA:87,0
DA:88,0
DA:95,0
DA:96,0
DA:97,0
DA:98,0
DA:101,0
DA:104,0
DA:183,0
DA:199,0
DA:219,0
DA:258,0
LF:44
LH:6
BRDA:56,0,0,0
BRDA:75,1,0,0
BRDA:75,1,1,0
BRDA:79,2,0,0
BRDA:87,3,0,0
BRDA:87,4,0,0
BRDA:87,4,1,0
BRDA:96,5,0,0
BRDA:97,6,0,0
BRDA:132,7,0,0
BRDA:132,7,1,0
BRDA:159,8,0,0
BRDA:159,8,1,0
BRDA:181,9,0,0
BRDA:181,9,1,0
BRDA:197,10,0,0
BRDA:197,10,1,0
BRDA:222,11,0,0
BRDA:222,11,1,0
BRDA:240,12,0,0
BRDA:240,12,1,0
BRDA:261,13,0,0
BRDA:261,13,1,0
BRDA:266,14,0,0
BRDA:266,14,1,0
BRF:25
BRH:0
end_of_record
TN:
SF:src\pages\Jobs.tsx
FN:45,Jobs
FN:67,(anonymous_1)
FN:73,(anonymous_2)
FN:75,(anonymous_3)
FN:78,(anonymous_4)
FN:84,(anonymous_5)
FN:92,(anonymous_6)
FN:97,(anonymous_7)
FN:102,(anonymous_8)
FN:109,(anonymous_9)
FN:110,(anonymous_10)
FN:115,(anonymous_11)
FN:120,(anonymous_12)
FN:125,(anonymous_13)
FN:140,(anonymous_14)
FN:207,(anonymous_15)
FN:220,(anonymous_16)
FN:249,(anonymous_17)
FN:258,(anonymous_18)
FN:273,(anonymous_19)
FN:303,(anonymous_20)
FN:310,(anonymous_21)
FNF:22
FNH:0
FNDA:0,Jobs
FNDA:0,(anonymous_1)
FNDA:0,(anonymous_2)
FNDA:0,(anonymous_3)
FNDA:0,(anonymous_4)
FNDA:0,(anonymous_5)
FNDA:0,(anonymous_6)
FNDA:0,(anonymous_7)
FNDA:0,(anonymous_8)
FNDA:0,(anonymous_9)
FNDA:0,(anonymous_10)
FNDA:0,(anonymous_11)
FNDA:0,(anonymous_12)
FNDA:0,(anonymous_13)
FNDA:0,(anonymous_14)
FNDA:0,(anonymous_15)
FNDA:0,(anonymous_16)
FNDA:0,(anonymous_17)
FNDA:0,(anonymous_18)
FNDA:0,(anonymous_19)
FNDA:0,(anonymous_20)
FNDA:0,(anonymous_21)
DA:1,1
DA:2,1
DA:3,1
DA:4,1
DA:6,1
DA:22,1
DA:23,1
DA:24,1
DA:25,1
DA:37,1
DA:45,1
DA:46,0
DA:47,0
DA:48,0
DA:49,0
DA:55,0
DA:65,0
DA:68,0
DA:72,0
DA:74,0
DA:76,0
DA:79,0
DA:80,0
DA:81,0
DA:82,0
DA:85,0
DA:86,0
DA:91,0
DA:93,0
DA:98,0
DA:99,0
DA:100,0
DA:103,0
DA:108,0
DA:109,0
DA:111,0
DA:112,0
DA:113,0
DA:116,0
DA:120,0
DA:121,0
DA:122,0
DA:125,0
DA:126,0
DA:127,0
DA:128,0
DA:131,0
DA:140,0
DA:208,0
DA:220,0
DA:249,0
DA:258,0
DA:273,0
DA:303,0
DA:310,0
LF:55
LH:11
BRDA:86,0,0,0
BRDA:86,0,1,0
BRDA:103,1,0,0
BRDA:103,1,1,0
BRDA:111,2,0,0
BRDA:111,2,1,0
BRDA:116,3,0,0
BRDA:116,3,1,0
BRDA:126,4,0,0
BRDA:127,5,0,0
BRDA:143,6,0,0
BRDA:143,6,1,0
BRDA:195,7,0,0
BRDA:195,7,1,0
BRDA:199,8,0,0
BRDA:199,8,1,0
BRDA:199,9,0,0
BRDA:199,9,1,0
BRDA:199,9,2,0
BRDA:236,10,0,0
BRDA:236,10,1,0
BRDA:247,11,0,0
BRDA:247,11,1,0
BRDA:257,12,0,0
BRDA:257,12,1,0
BRDA:261,13,0,0
BRDA:261,13,1,0
BRDA:261,14,0,0
BRDA:261,14,1,0
BRDA:295,15,0,0
BRDA:295,15,1,0
BRF:31
BRH:0
end_of_record
TN:
SF:src\pages\LandingPage.tsx
FN:40,LandingPage
FN:42,(anonymous_1)
FN:63,(anonymous_2)
FN:72,(anonymous_3)
FN:73,(anonymous_4)
FN:79,(anonymous_5)
FN:84,(anonymous_6)
FN:85,(anonymous_7)
FN:90,(anonymous_8)
FN:96,(anonymous_9)
FN:97,(anonymous_10)
FN:98,(anonymous_11)
FN:100,(anonymous_12)
FN:122,(anonymous_13)
FN:175,(anonymous_14)
FN:185,(anonymous_15)
FN:235,(anonymous_16)
FN:241,(anonymous_17)
FN:478,(anonymous_18)
FN:484,(anonymous_19)
FN:739,(anonymous_20)
FN:754,(anonymous_21)
FN:849,(anonymous_22)
FN:855,(anonymous_23)
FN:871,(anonymous_24)
FN:877,(anonymous_25)
FN:890,(anonymous_26)
FN:896,(anonymous_27)
FN:909,(anonymous_28)
FN:915,(anonymous_29)
FNF:30
FNH:2
FNDA:4,LandingPage
FNDA:4,(anonymous_1)
FNDA:0,(anonymous_2)
FNDA:0,(anonymous_3)
FNDA:0,(anonymous_4)
FNDA:0,(anonymous_5)
FNDA:0,(anonymous_6)
FNDA:0,(anonymous_7)
FNDA:0,(anonymous_8)
FNDA:0,(anonymous_9)
FNDA:0,(anonymous_10)
FNDA:0,(anonymous_11)
FNDA:0,(anonymous_12)
FNDA:0,(anonymous_13)
FNDA:0,(anonymous_14)
FNDA:0,(anonymous_15)
FNDA:0,(anonymous_16)
FNDA:0,(anonymous_17)
FNDA:0,(anonymous_18)
FNDA:0,(anonymous_19)
FNDA:0,(anonymous_20)
FNDA:0,(anonymous_21)
FNDA:0,(anonymous_22)
FNDA:0,(anonymous_23)
FNDA:0,(anonymous_24)
FNDA:0,(anonymous_25)
FNDA:0,(anonymous_26)
FNDA:0,(anonymous_27)
FNDA:0,(anonymous_28)
FNDA:0,(anonymous_29)
DA:1,2
DA:2,2
DA:3,2
DA:4,2
DA:5,2
DA:40,2
DA:41,4
DA:42,4
DA:45,4
DA:46,4
DA:47,4
DA:48,4
DA:49,4
DA:50,4
DA:53,4
DA:54,4
DA:55,4
DA:58,4
DA:59,4
DA:60,4
DA:63,4
DA:64,0
DA:67,0
DA:68,0
DA:69,0
DA:70,0
DA:72,0
DA:73,0
DA:74,0
DA:75,0
DA:76,0
DA:79,0
DA:80,0
DA:81,0
DA:84,0
DA:85,0
DA:86,0
DA:87,0
DA:90,0
DA:91,0
DA:92,0
DA:95,0
DA:96,0
DA:97,0
DA:98,0
DA:99,0
DA:100,0
DA:101,0
DA:108,0
DA:110,0
DA:115,0
DA:117,0
DA:122,4
DA:123,0
DA:124,0
DA:125,0
DA:126,0
DA:129,4
DA:137,4
DA:146,4
DA:175,0
DA:185,0
DA:235,0
DA:242,0
DA:243,0
DA:478,0
DA:484,0
DA:739,0
DA:754,0
DA:849,0
DA:855,0
DA:871,0
DA:877,0
DA:890,0
DA:896,0
DA:909,0
DA:915,0
LF:77
LH:25
BRDA:64,0,0,0
BRDA:74,1,0,0
BRDA:86,2,0,0
BRDA:99,3,0,0
BRDA:173,4,0,1
BRDA:173,4,1,3
BRDA:242,5,0,0
BRDA:242,5,1,0
BRDA:268,6,0,0
BRDA:268,6,1,4
BRDA:269,7,0,4
BRDA:269,7,1,0
BRDA:319,8,0,4
BRDA:319,8,1,0
BRDA:356,9,0,0
BRDA:356,9,1,4
BRDA:362,10,0,0
BRDA:362,10,1,4
BRDA:365,11,0,4
BRDA:365,11,1,0
BRDA:376,12,0,4
BRDA:376,12,1,0
BRDA:383,13,0,0
BRDA:383,13,1,4
BRDA:389,14,0,0
BRDA:389,14,1,4
BRDA:393,15,0,4
BRDA:393,15,1,0
BRDA:402,16,0,4
BRDA:402,16,1,0
BRDA:402,16,2,0
BRDA:418,17,0,0
BRDA:418,17,1,4
BRDA:418,18,0,4
BRDA:418,18,1,4
BRDA:424,19,0,0
BRDA:424,19,1,4
BRDA:424,20,0,4
BRDA:424,20,1,4
BRDA:428,21,0,4
BRDA:428,21,1,0
BRDA:432,22,0,0
BRDA:432,22,1,0
BRDA:433,23,0,0
BRDA:433,23,1,0
BRDA:438,24,0,0
BRDA:438,24,1,0
BRDA:439,25,0,0
BRDA:439,25,1,0
BRDA:445,26,0,4
BRDA:445,26,1,0
BRDA:479,27,0,4
BRDA:479,27,1,0
BRDA:485,28,0,0
BRDA:485,28,1,4
BRDA:493,29,0,4
BRDA:493,29,1,4
BRDA:496,30,0,4
BRDA:496,30,1,4
BRDA:500,31,0,4
BRDA:500,31,1,0
BRDA:507,32,0,4
BRDA:507,32,1,0
BRDA:515,33,0,4
BRDA:515,33,1,0
BRDA:526,34,0,4
BRDA:526,34,1,0
BRDA:536,35,0,4
BRDA:536,35,1,0
BRDA:540,36,0,0
BRDA:540,36,1,0
BRDA:546,37,0,0
BRDA:546,37,1,0
BRDA:546,37,2,0
BRDA:561,38,0,0
BRDA:561,38,1,4
BRDA:732,39,0,4
BRDA:732,39,1,0
BRDA:732,40,0,4
BRDA:732,40,1,4
BRDA:733,41,0,4
BRDA:733,41,1,0
BRDA:733,42,0,4
BRDA:733,42,1,4
BRDA:747,43,0,4
BRDA:747,43,1,0
BRDA:748,44,0,4
BRDA:748,44,1,0
BRDA:872,45,0,4
BRDA:872,45,1,0
BRDA:878,46,0,0
BRDA:878,46,1,4
BRDA:891,47,0,4
BRDA:891,47,1,0
BRDA:897,48,0,0
BRDA:897,48,1,4
BRDA:910,49,0,4
BRDA:910,49,1,0
BRDA:916,50,0,0
BRDA:916,50,1,4
BRF:100
BRH:47
end_of_record
TN:
SF:src\pages\Login.tsx
FN:18,Login
FN:19,(anonymous_1)
FN:27,(anonymous_2)
FN:34,(anonymous_3)
FN:40,(anonymous_4)
FNF:5
FNH:3
FNDA:12,Login
FNDA:12,(anonymous_1)
FNDA:0,(anonymous_2)
FNDA:0,(anonymous_3)
FNDA:1,(anonymous_4)
DA:2,2
DA:3,2
DA:4,2
DA:5,2
DA:6,2
DA:7,2
DA:8,2
DA:9,2
DA:11,2
DA:18,2
DA:19,12
DA:20,12
DA:22,12
DA:26,12
DA:28,0
DA:32,0
DA:35,0
DA:36,0
DA:40,12
DA:41,1
DA:44,12
LF:21
LH:17
BRDA:59,0,0,12
BRDA:59,0,1,2
BRDA:61,1,0,2
BRDA:61,1,1,0
BRDA:73,2,0,1
BRDA:73,2,1,11
BRDA:79,3,0,12
BRDA:79,3,1,1
BRDA:91,4,0,1
BRDA:91,4,1,11
BRDA:97,5,0,12
BRDA:97,5,1,1
BRDA:107,6,0,2
BRDA:107,6,1,10
BRF:14
BRH:13
end_of_record
TN:
SF:src\pages\Register.tsx
FN:15,(anonymous_0)
FN:22,Register
FN:23,(anonymous_2)
FN:31,(anonymous_3)
FN:38,(anonymous_4)
FN:44,(anonymous_5)
FNF:6
FNH:4
FNDA:2,(anonymous_0)
FNDA:8,Register
FNDA:8,(anonymous_2)
FNDA:0,(anonymous_3)
FNDA:0,(anonymous_4)
FNDA:1,(anonymous_5)
DA:2,2
DA:3,2
DA:4,2
DA:5,2
DA:6,2
DA:7,2
DA:8,2
DA:9,2
DA:11,2
DA:15,2
DA:22,2
DA:23,8
DA:24,8
DA:26,8
DA:30,8
DA:32,0
DA:36,0
DA:39,0
DA:40,0
DA:44,8
DA:45,1
DA:48,8
LF:22
LH:18
BRDA:63,0,0,8
BRDA:63,0,1,0
BRDA:65,1,0,0
BRDA:65,1,1,0
BRDA:77,2,0,0
BRDA:77,2,1,8
BRDA:83,3,0,8
BRDA:83,3,1,0
BRDA:95,4,0,0
BRDA:95,4,1,8
BRDA:101,5,0,8
BRDA:101,5,1,0
BRDA:113,6,0,1
BRDA:113,6,1,7
BRDA:119,7,0,8
BRDA:119,7,1,1
BRDA:129,8,0,0
BRDA:129,8,1,8
BRF:18
BRH:10
end_of_record
TN:
SF:src\pages\ResumeManager.tsx
FN:50,(anonymous_0)
FN:51,(anonymous_1)
FN:52,(anonymous_2)
FN:57,ResumeManager
FN:59,(anonymous_4)
FN:80,(anonymous_5)
FN:85,(anonymous_6)
FN:88,(anonymous_7)
FN:89,(anonymous_8)
FN:90,(anonymous_9)
FN:97,(anonymous_10)
FN:108,(anonymous_11)
FN:119,(anonymous_12)
FN:124,(anonymous_13)
FN:131,(anonymous_14)
FN:138,(anonymous_15)
FN:139,(anonymous_16)
FN:142,(anonymous_17)
FN:147,(anonymous_18)
FN:153,(anonymous_19)
FN:156,(anonymous_20)
FN:168,(anonymous_21)
FN:174,(anonymous_22)
FN:181,(anonymous_23)
FN:182,(anonymous_24)
FN:185,(anonymous_25)
FN:190,(anonymous_26)
FN:198,(anonymous_27)
FN:205,(anonymous_28)
FN:206,(anonymous_29)
FN:209,(anonymous_30)
FN:215,(anonymous_31)
FN:222,(anonymous_32)
FN:223,(anonymous_33)
FN:245,(anonymous_34)
FN:329,(anonymous_35)
FN:361,(anonymous_36)
FN:367,(anonymous_37)
FN:393,(anonymous_38)
FN:398,(anonymous_39)
FN:427,(anonymous_40)
FN:430,(anonymous_41)
FN:444,(anonymous_42)
FN:453,(anonymous_43)
FN:465,(anonymous_44)
FN:476,(anonymous_45)
FN:483,(anonymous_46)
FN:511,(anonymous_47)
FN:514,(anonymous_48)
FN:527,(anonymous_49)
FN:537,(anonymous_50)
FN:547,(anonymous_51)
FN:555,(anonymous_52)
FN:562,(anonymous_53)
FN:591,(anonymous_54)
FN:594,(anonymous_55)
FN:608,(anonymous_56)
FN:617,(anonymous_57)
FN:629,(anonymous_58)
FN:637,(anonymous_59)
FNF:60
FNH:0
FNDA:0,(anonymous_0)
FNDA:0,(anonymous_1)
FNDA:0,(anonymous_2)
FNDA:0,ResumeManager
FNDA:0,(anonymous_4)
FNDA:0,(anonymous_5)
FNDA:0,(anonymous_6)
FNDA:0,(anonymous_7)
FNDA:0,(anonymous_8)
FNDA:0,(anonymous_9)
FNDA:0,(anonymous_10)
FNDA:0,(anonymous_11)
FNDA:0,(anonymous_12)
FNDA:0,(anonymous_13)
FNDA:0,(anonymous_14)
FNDA:0,(anonymous_15)
FNDA:0,(anonymous_16)
FNDA:0,(anonymous_17)
FNDA:0,(anonymous_18)
FNDA:0,(anonymous_19)
FNDA:0,(anonymous_20)
FNDA:0,(anonymous_21)
FNDA:0,(anonymous_22)
FNDA:0,(anonymous_23)
FNDA:0,(anonymous_24)
FNDA:0,(anonymous_25)
FNDA:0,(anonymous_26)
FNDA:0,(anonymous_27)
FNDA:0,(anonymous_28)
FNDA:0,(anonymous_29)
FNDA:0,(anonymous_30)
FNDA:0,(anonymous_31)
FNDA:0,(anonymous_32)
FNDA:0,(anonymous_33)
FNDA:0,(anonymous_34)
FNDA:0,(anonymous_35)
FNDA:0,(anonymous_36)
FNDA:0,(anonymous_37)
FNDA:0,(anonymous_38)
FNDA:0,(anonymous_39)
FNDA:0,(anonymous_40)
FNDA:0,(anonymous_41)
FNDA:0,(anonymous_42)
FNDA:0,(anonymous_43)
FNDA:0,(anonymous_44)
FNDA:0,(anonymous_45)
FNDA:0,(anonymous_46)
FNDA:0,(anonymous_47)
FNDA:0,(anonymous_48)
FNDA:0,(anonymous_49)
FNDA:0,(anonymous_50)
FNDA:0,(anonymous_51)
FNDA:0,(anonymous_52)
FNDA:0,(anonymous_53)
FNDA:0,(anonymous_54)
FNDA:0,(anonymous_55)
FNDA:0,(anonymous_56)
FNDA:0,(anonymous_57)
FNDA:0,(anonymous_58)
FNDA:0,(anonymous_59)
DA:1,1
DA:2,1
DA:3,1
DA:4,1
DA:5,1
DA:22,1
DA:23,1
DA:24,1
DA:48,1
DA:50,0
DA:51,0
DA:52,0
DA:57,1
DA:58,0
DA:59,0
DA:60,0
DA:63,0
DA:64,0
DA:65,0
DA:66,0
DA:67,0
DA:70,0
DA:74,0
DA:75,0
DA:78,0
DA:80,0
DA:85,0
DA:86,0
DA:87,0
DA:88,0
DA:89,0
DA:90,0
DA:91,0
DA:96,0
DA:98,0
DA:99,0
DA:101,0
DA:106,0
DA:109,0
DA:110,0
DA:111,0
DA:112,0
DA:113,0
DA:118,0
DA:120,0
DA:125,0
DA:126,0
DA:127,0
DA:128,0
DA:129,0
DA:132,0
DA:137,0
DA:138,0
DA:140,0
DA:143,0
DA:147,0
DA:148,0
DA:149,0
DA:153,0
DA:154,0
DA:156,0
DA:159,0
DA:168,0
DA:169,0
DA:170,0
DA:171,0
DA:174,0
DA:175,0
DA:181,0
DA:182,0
DA:185,0
DA:186,0
DA:187,0
DA:188,0
DA:190,0
DA:193,0
DA:195,0
DA:198,0
DA:199,0
DA:205,0
DA:206,0
DA:209,0
DA:210,0
DA:211,0
DA:212,0
DA:215,0
DA:216,0
DA:222,0
DA:223,0
DA:226,0
DA:233,0
DA:245,0
DA:329,0
DA:362,0
DA:363,0
DA:364,0
DA:367,0
DA:393,0
DA:399,0
DA:428,0
DA:430,0
DA:444,0
DA:453,0
DA:465,0
DA:476,0
DA:484,0
DA:512,0
DA:514,0
DA:527,0
DA:537,0
DA:547,0
DA:556,0
DA:563,0
DA:592,0
DA:594,0
DA:608,0
DA:617,0
DA:629,0
DA:638,0
LF:119
LH:10
BRDA:50,0,0,0
BRDA:50,0,1,0
BRDA:75,1,0,0
BRDA:75,1,1,0
BRDA:75,2,0,0
BRDA:75,2,1,0
BRDA:86,3,0,0
BRDA:132,4,0,0
BRDA:132,4,1,0
BRDA:143,5,0,0
BRDA:143,5,1,0
BRDA:148,6,0,0
BRDA:148,7,0,0
BRDA:148,7,1,0
BRDA:187,8,0,0
BRDA:187,8,1,0
BRDA:242,9,0,0
BRDA:242,9,1,0
BRDA:248,10,0,0
BRDA:248,10,1,0
BRDA:264,11,0,0
BRDA:264,11,1,0
BRDA:264,11,2,0
BRDA:267,12,0,0
BRDA:267,12,1,0
BRDA:267,13,0,0
BRDA:267,13,1,0
BRDA:281,14,0,0
BRDA:281,14,1,0
BRDA:286,15,0,0
BRDA:286,15,1,0
BRDA:292,16,0,0
BRDA:292,16,1,0
BRDA:306,17,0,0
BRDA:306,17,1,0
BRDA:310,18,0,0
BRDA:310,18,1,0
BRDA:310,19,0,0
BRDA:310,19,1,0
BRDA:326,20,0,0
BRDA:326,20,1,0
BRDA:340,21,0,0
BRDA:340,21,1,0
BRDA:369,22,0,0
BRDA:369,22,1,0
BRDA:383,23,0,0
BRDA:383,23,1,0
BRDA:386,24,0,0
BRDA:386,24,1,0
BRDA:411,25,0,0
BRDA:411,25,1,0
BRDA:415,26,0,0
BRDA:415,26,1,0
BRDA:425,27,0,0
BRDA:425,27,1,0
BRDA:495,28,0,0
BRDA:495,28,1,0
BRDA:499,29,0,0
BRDA:499,29,1,0
BRDA:509,30,0,0
BRDA:509,30,1,0
BRDA:575,31,0,0
BRDA:575,31,1,0
BRDA:579,32,0,0
BRDA:579,32,1,0
BRDA:589,33,0,0
BRDA:589,33,1,0
BRF:67
BRH:0
end_of_record
TN:
SF:src\pages\Settings.tsx
FN:22,Settings
FN:23,(anonymous_1)
FN:40,(anonymous_2)
FN:62,(anonymous_3)
FN:64,(anonymous_4)
FN:67,(anonymous_5)
FN:69,(anonymous_6)
FN:73,(anonymous_7)
FNF:8
FNH:3
FNDA:10,Settings
FNDA:10,(anonymous_1)
FNDA:3,(anonymous_2)
FNDA:0,(anonymous_3)
FNDA:0,(anonymous_4)
FNDA:0,(anonymous_5)
FNDA:0,(anonymous_6)
FNDA:0,(anonymous_7)
DA:1,2
DA:2,2
DA:3,2
DA:4,2
DA:5,2
DA:6,2
DA:7,2
DA:9,2
DA:22,2
DA:23,10
DA:24,10
DA:26,10
DA:40,10
DA:41,3
DA:42,3
DA:43,0
DA:44,0
DA:45,0
DA:47,3
DA:48,3
DA:61,10
DA:64,0
DA:65,0
DA:68,0
DA:69,0
DA:73,10
DA:74,0
DA:77,10
LF:28
LH:20
BRDA:30,0,0,10
BRDA:30,0,1,0
BRDA:42,1,0,0
BRDA:42,1,1,3
BRDA:47,2,0,3
BRDA:99,3,0,1
BRDA:99,3,1,9
BRDA:104,4,0,10
BRDA:104,4,1,1
BRDA:116,5,0,1
BRDA:116,5,1,9
BRDA:121,6,0,10
BRDA:121,6,1,1
BRDA:133,7,0,1
BRDA:133,7,1,9
BRDA:137,8,0,10
BRDA:137,8,1,1
BRDA:148,9,0,0
BRDA:148,9,1,10
BRDA:152,10,0,10
BRDA:152,10,1,0
BRDA:165,11,0,0
BRDA:165,11,1,10
BRDA:171,12,0,10
BRDA:171,12,1,0
BRDA:184,13,0,1
BRDA:184,13,1,9
BRDA:189,14,0,10
BRDA:189,14,1,1
BRDA:201,15,0,1
BRDA:201,15,1,9
BRDA:206,16,0,10
BRDA:206,16,1,1
BRDA:222,17,0,3
BRDA:222,17,1,7
BRDA:227,18,0,0
BRDA:227,18,1,7
BRF:37
BRH:30
end_of_record
TN:
SF:src\store\authStore.ts
FN:12,(anonymous_0)
FN:15,(anonymous_1)
FN:18,(anonymous_2)
FN:21,(anonymous_3)
FNF:4
FNH:4
FNDA:9,(anonymous_0)
FNDA:2,(anonymous_1)
FNDA:3,(anonymous_2)
FNDA:4,(anonymous_3)
DA:1,9
DA:12,9
DA:16,2
DA:19,3
DA:21,4
LF:5
LH:5
BRF:0
BRH:0
end_of_record
TN:
SF:src\tests\utils\renderWithProviders.tsx
FN:12,renderWithProviders
FN:31,Wrapper
FN:48,(anonymous_6)
FNF:3
FNH:2
FNDA:23,renderWithProviders
FNDA:23,Wrapper
FNDA:0,(anonymous_6)
DA:2,6
DA:3,6
DA:4,6
DA:12,6
DA:32,23
DA:41,23
DA:47,6
DA:48,6
LF:8
LH:8
BRDA:14,0,0,18
BRDA:15,1,0,23
BRDA:16,2,0,18
BRDA:17,3,0,23
BRF:4
BRH:4
end_of_record
TN:
SF:src\utils\api.ts
FN:5,(anonymous_0)
FN:23,(anonymous_1)
FN:30,(anonymous_2)
FN:37,(anonymous_3)
FN:38,(anonymous_4)
FN:53,apiFetch
FNF:6
FNH:5
FNDA:5,(anonymous_0)
FNDA:2,(anonymous_1)
FNDA:0,(anonymous_2)
FNDA:1,(anonymous_3)
FNDA:3,(anonymous_4)
FNDA:2,apiFetch
DA:1,5
DA:2,5
DA:5,5
DA:6,5
DA:7,5
DA:9,5
DA:13,5
DA:16,5
DA:22,5
DA:24,2
DA:25,2
DA:26,1
DA:28,2
DA:31,0
DA:36,5
DA:37,1
DA:40,3
DA:41,3
DA:44,3
DA:45,1
DA:48,3
DA:53,5
DA:54,2
DA:57,2
DA:58,2
DA:59,2
DA:60,2
DA:64,2
DA:71,2
LF:29
LH:28
BRDA:9,0,0,5
BRDA:9,0,1,0
BRDA:25,1,0,1
BRDA:40,2,0,3
BRDA:40,2,1,1
BRDA:41,3,0,3
BRDA:41,3,1,0
BRDA:41,3,2,0
BRDA:44,4,0,1
BRDA:53,5,0,0
BRDA:54,6,0,2
BRDA:54,6,1,0
BRDA:58,7,0,2
BRDA:58,8,0,2
BRDA:58,8,1,2
BRF:15
BRH:10
end_of_record
